{"meta": {"format": 3, "version": "7.15.0", "timestamp": "2026-07-25T15:37:41.490553", "branch_coverage": false, "show_contexts": false}, "files": {"src/__init__.py": {"executed_lines": [], "summary": {"covered_lines": 0, "num_statements": 0, "percent_covered": 100.0, "percent_covered_display": "100", "missing_lines": 0, "excluded_lines": 0, "percent_statements_covered": 100.0, "percent_statements_covered_display": "100"}, "missing_lines": [], "excluded_lines": [], "functions": {"": {"executed_lines": [], "summary": {"covered_lines": 0, "num_statements": 0, "percent_covered": 100.0, "percent_covered_display": "100", "missing_lines": 0, "excluded_lines": 0, "percent_statements_covered": 100.0, "percent_statements_covered_display": "100"}, "missing_lines": [], "excluded_lines": [], "start_line": 1}}, "classes": {"": {"executed_lines": [], "summary": {"covered_lines": 0, "num_statements": 0, "percent_covered": 100.0, "percent_covered_display": "100", "missing_lines": 0, "excluded_lines": 0, "percent_statements_covered": 100.0, "percent_statements_covered_display": "100"}, "missing_lines": [], "excluded_lines": [], "start_line": 1}}}, "src/api/__init__.py": {"executed_lines": [], "summary": {"covered_lines": 0, "num_statements": 0, "percent_covered": 100.0, "percent_covered_display": "100", "missing_lines": 0, "excluded_lines": 0, "percent_statements_covered": 100.0, "percent_statements_covered_display": "100"}, "missing_lines": [], "excluded_lines": [], "functions": {"": {"executed_lines": [], "summary": {"covered_lines": 0, "num_statements": 0, "percent_covered": 100.0, "percent_covered_display": "100", "missing_lines": 0, "excluded_lines": 0, "percent_statements_covered": 100.0, "percent_statements_covered_display": "100"}, "missing_lines": [], "excluded_lines": [], "start_line": 1}}, "classes": {"": {"executed_lines": [], "summary": {"covered_lines": 0, "num_statements": 0, "percent_covered": 100.0, "percent_covered_display": "100", "missing_lines": 0, "excluded_lines": 0, "percent_statements_covered": 100.0, "percent_statements_covered_display": "100"}, "missing_lines": [], "excluded_lines": [], "start_line": 1}}}, "src/api/dependencies.py": {"executed_lines": [3, 5, 6, 8, 9, 10, 11, 13, 16, 27, 28, 29, 31, 34, 43, 55, 56, 62, 63, 73, 74, 75, 76], "summary": {"covered_lines": 23, "num_statements": 25, "percent_covered": 92.0, "percent_covered_display": "92", "missing_lines": 2, "excluded_lines": 0, "percent_statements_covered": 92.0, "percent_statements_covered_display": "92"}, "missing_lines": [40, 69], "excluded_lines": [], "functions": {"get_db": {"executed_lines": [27, 28, 29, 31], "summary": {"covered_lines": 4, "num_statements": 4, "percent_covered": 100.0, "percent_covered_display": "100", "missing_lines": 0, "excluded_lines": 0, "percent_statements_covered": 100.0, "percent_statements_covered_display": "100"}, "missing_lines": [], "excluded_lines": [], "start_line": 16}, "get_storage": {"executed_lines": [], "summary": {"covered_lines": 0, "num_statements": 1, "percent_covered": 0.0, "percent_covered_display": "0", "missing_lines": 1, "excluded_lines": 0, "percent_statements_covered": 0.0, "percent_statements_covered_display": "0"}, "missing_lines": [40], "excluded_lines": [], "start_line": 34}, "verify_api_key": {"executed_lines": [55, 56, 62, 63], "summary": {"covered_lines": 4, "num_statements": 5, "percent_covered": 80.0, "percent_covered_display": "80", "missing_lines": 1, "excluded_lines": 0, "percent_statements_covered": 80.0, "percent_statements_covered_display": "80"}, "missing_lines": [69], "excluded_lines": [], "start_line": 43}, "": {"executed_lines": [3, 5, 6, 8, 9, 10, 11, 13, 16, 34, 43, 73, 74, 75, 76], "summary": {"covered_lines": 15, "num_statements": 15, "percent_covered": 100.0, "percent_covered_display": "100", "missing_lines": 0, "excluded_lines": 0, "percent_statements_covered": 100.0, "percent_statements_covered_display": "100"}, "missing_lines": [], "excluded_lines": [], "start_line": 1}}, "classes": {"": {"executed_lines": [3, 5, 6, 8, 9, 10, 11, 13, 16, 27, 28, 29, 31, 34, 43, 55, 56, 62, 63, 73, 74, 75, 76], "summary": {"covered_lines": 23, "num_statements": 25, "percent_covered": 92.0, "percent_covered_display": "92", "missing_lines": 2, "excluded_lines": 0, "percent_statements_covered": 92.0, "percent_statements_covered_display": "92"}, "missing_lines": [40, 69], "excluded_lines": [], "start_line": 1}}}, "src/api/main.py": {"executed_lines": [3, 5, 6, 8, 9, 10, 11, 12, 14, 17, 18, 39, 49, 52, 62, 63, 66, 67, 69, 75], "summary": {"covered_lines": 20, "num_statements": 28, "percent_covered": 71.42857142857143, "percent_covered_display": "71", "missing_lines": 8, "excluded_lines": 0, "percent_statements_covered": 71.42857142857143, "percent_statements_covered_display": "71"}, "missing_lines": [24, 25, 33, 35, 36, 53, 76, 78], "excluded_lines": [], "functions": {"lifespan": {"executed_lines": [], "summary": {"covered_lines": 0, "num_statements": 5, "percent_covered": 0.0, "percent_covered_display": "0", "missing_lines": 5, "excluded_lines": 0, "percent_statements_covered": 0.0, "percent_statements_covered_display": "0"}, "missing_lines": [24, 25, 33, 35, 36], "excluded_lines": [], "start_line": 18}, "get_version": {"executed_lines": [69], "summary": {"covered_lines": 1, "num_statements": 1, "percent_covered": 100.0, "percent_covered_display": "100", "missing_lines": 0, "excluded_lines": 0, "percent_statements_covered": 100.0, "percent_statements_covered_display": "100"}, "missing_lines": [], "excluded_lines": [], "start_line": 67}, "": {"executed_lines": [3, 5, 6, 8, 9, 10, 11, 12, 14, 17, 18, 39, 49, 52, 62, 63, 66, 67, 75], "summary": {"covered_lines": 19, "num_statements": 22, "percent_covered": 86.36363636363636, "percent_covered_display": "86", "missing_lines": 3, "excluded_lines": 0, "percent_statements_covered": 86.36363636363636, "percent_statements_covered_display": "86"}, "missing_lines": [53, 76, 78], "excluded_lines": [], "start_line": 1}}, "classes": {"": {"executed_lines": [3, 5, 6, 8, 9, 10, 11, 12, 14, 17, 18, 39, 49, 52, 62, 63, 66, 67, 69, 75], "summary": {"covered_lines": 20, "num_statements": 28, "percent_covered": 71.42857142857143, "percent_covered_display": "71", "missing_lines": 8, "excluded_lines": 0, "percent_statements_covered": 71.42857142857143, "percent_statements_covered_display": "71"}, "missing_lines": [24, 25, 33, 35, 36, 53, 76, 78], "excluded_lines": [], "start_line": 1}}}, "src/api/routes/__init__.py": {"executed_lines": [3, 5], "summary": {"covered_lines": 2, "num_statements": 2, "percent_covered": 100.0, "percent_covered_display": "100", "missing_lines": 0, "excluded_lines": 0, "percent_statements_covered": 100.0, "percent_statements_covered_display": "100"}, "missing_lines": [], "excluded_lines": [], "functions": {"": {"executed_lines": [3, 5], "summary": {"covered_lines": 2, "num_statements": 2, "percent_covered": 100.0, "percent_covered_display": "100", "missing_lines": 0, "excluded_lines": 0, "percent_statements_covered": 100.0, "percent_statements_covered_display": "100"}, "missing_lines": [], "excluded_lines": [], "start_line": 1}}, "classes": {"": {"executed_lines": [3, 5], "summary": {"covered_lines": 2, "num_statements": 2, "percent_covered": 100.0, "percent_covered_display": "100", "missing_lines": 0, "excluded_lines": 0, "percent_statements_covered": 100.0, "percent_statements_covered_display": "100"}, "missing_lines": [], "excluded_lines": [], "start_line": 1}}}, "src/api/routes/health.py": {"executed_lines": [3, 5, 6, 7, 9, 10, 11, 13, 14, 17, 23, 34, 35, 59, 65, 67], "summary": {"covered_lines": 16, "num_statements": 25, "percent_covered": 64.0, "percent_covered_display": "64", "missing_lines": 9, "excluded_lines": 0, "percent_statements_covered": 64.0, "percent_statements_covered_display": "64"}, "missing_lines": [36, 37, 38, 39, 41, 49, 50, 51, 56], "excluded_lines": [], "functions": {"health_check": {"executed_lines": [34, 35], "summary": {"covered_lines": 2, "num_statements": 11, "percent_covered": 18.181818181818183, "percent_covered_display": "18", "missing_lines": 9, "excluded_lines": 0, "percent_statements_covered": 18.181818181818183, "percent_statements_covered_display": "18"}, "missing_lines": [36, 37, 38, 39, 41, 49, 50, 51, 56], "excluded_lines": [], "start_line": 23}, "root": {"executed_lines": [67], "summary": {"covered_lines": 1, "num_statements": 1, "percent_covered": 100.0, "percent_covered_display": "100", "missing_lines": 0, "excluded_lines": 0, "percent_statements_covered": 100.0, "percent_statements_covered_display": "100"}, "missing_lines": [], "excluded_lines": [], "start_line": 65}, "": {"executed_lines": [3, 5, 6, 7, 9, 10, 11, 13, 14, 17, 23, 59, 65], "summary": {"covered_lines": 13, "num_statements": 13, "percent_covered": 100.0, "percent_covered_display": "100", "missing_lines": 0, "excluded_lines": 0, "percent_statements_covered": 100.0, "percent_statements_covered_display": "100"}, "missing_lines": [], "excluded_lines": [], "start_line": 1}}, "classes": {"": {"executed_lines": [3, 5, 6, 7, 9, 10, 11, 13, 14, 17, 23, 34, 35, 59, 65, 67], "summary": {"covered_lines": 16, "num_statements": 25, "percent_covered": 64.0, "percent_covered_display": "64", "missing_lines": 9, "excluded_lines": 0, "percent_statements_covered": 64.0, "percent_statements_covered_display": "64"}, "missing_lines": [36, 37, 38, 39, 41, 49, 50, 51, 56], "excluded_lines": [], "start_line": 1}}}, "src/api/routes/threat_model.py": {"executed_lines": [3, 4, 5, 6, 8, 10, 11, 12, 13, 14, 15, 17, 18, 26, 27, 30, 36, 42, 90, 162, 168, 222, 231], "summary": {"covered_lines": 23, "num_statements": 125, "percent_covered": 18.4, "percent_covered_display": "18", "missing_lines": 102, "excluded_lines": 0, "percent_statements_covered": 18.4, "percent_statements_covered_display": "18"}, "missing_lines": [31, 32, 33, 60, 61, 62, 68, 71, 72, 73, 74, 77, 78, 81, 83, 98, 101, 102, 104, 106, 107, 113, 119, 120, 127, 130, 136, 139, 140, 141, 146, 147, 148, 153, 154, 155, 183, 184, 186, 187, 193, 200, 209, 210, 216, 217, 219, 249, 251, 253, 262, 263, 264, 267, 268, 269, 270, 276, 277, 279, 280, 285, 286, 292, 293, 295, 305, 306, 307, 309, 310, 311, 312, 313, 315, 316, 319, 340, 386, 387, 393, 394, 395, 396, 397, 403, 404, 405, 406, 414, 415, 418, 424, 427, 428, 431, 432, 433, 434, 435, 437, 439], "excluded_lines": [], "functions": {"analyze_image": {"executed_lines": [], "summary": {"covered_lines": 0, "num_statements": 12, "percent_covered": 0.0, "percent_covered_display": "0", "missing_lines": 12, "excluded_lines": 0, "percent_statements_covered": 0.0, "percent_statements_covered_display": "0"}, "missing_lines": [60, 61, 62, 68, 71, 72, 73, 74, 77, 78, 81, 83], "excluded_lines": [], "start_line": 42}, "_process_job": {"executed_lines": [], "summary": {"covered_lines": 0, "num_statements": 21, "percent_covered": 0.0, "percent_covered_display": "0", "missing_lines": 21, "excluded_lines": 0, "percent_statements_covered": 0.0, "percent_statements_covered_display": "0"}, "missing_lines": [98, 101, 102, 104, 106, 107, 113, 119, 120, 127, 130, 136, 139, 140, 141, 146, 147, 148, 153, 154, 155], "excluded_lines": [], "start_line": 90}, "get_analysis_status": {"executed_lines": [], "summary": {"covered_lines": 0, "num_statements": 11, "percent_covered": 0.0, "percent_covered_display": "0", "missing_lines": 11, "excluded_lines": 0, "percent_statements_covered": 0.0, "percent_statements_covered_display": "0"}, "missing_lines": [183, 184, 186, 187, 193, 200, 209, 210, 216, 217, 219], "excluded_lines": [], "start_line": 168}, "get_report": {"executed_lines": [], "summary": {"covered_lines": 0, "num_statements": 55, "percent_covered": 0.0, "percent_covered_display": "0", "missing_lines": 55, "excluded_lines": 0, "percent_statements_covered": 0.0, "percent_statements_covered_display": "0"}, "missing_lines": [249, 251, 253, 262, 263, 264, 267, 268, 269, 270, 276, 277, 279, 280, 285, 286, 292, 293, 295, 305, 306, 307, 309, 310, 311, 312, 313, 315, 316, 319, 340, 386, 387, 393, 394, 395, 396, 397, 403, 404, 405, 406, 414, 415, 418, 424, 427, 428, 431, 432, 433, 434, 435, 437, 439], "excluded_lines": [], "start_line": 231}, "": {"executed_lines": [3, 4, 5, 6, 8, 10, 11, 12, 13, 14, 15, 17, 18, 26, 27, 30, 36, 42, 90, 162, 168, 222, 231], "summary": {"covered_lines": 23, "num_statements": 26, "percent_covered": 88.46153846153847, "percent_covered_display": "88", "missing_lines": 3, "excluded_lines": 0, "percent_statements_covered": 88.46153846153847, "percent_statements_covered_display": "88"}, "missing_lines": [31, 32, 33], "excluded_lines": [], "start_line": 1}}, "classes": {"": {"executed_lines": [3, 4, 5, 6, 8, 10, 11, 12, 13, 14, 15, 17, 18, 26, 27, 30, 36, 42, 90, 162, 168, 222, 231], "summary": {"covered_lines": 23, "num_statements": 125, "percent_covered": 18.4, "percent_covered_display": "18", "missing_lines": 102, "excluded_lines": 0, "percent_statements_covered": 18.4, "percent_statements_covered_display": "18"}, "missing_lines": [31, 32, 33, 60, 61, 62, 68, 71, 72, 73, 74, 77, 78, 81, 83, 98, 101, 102, 104, 106, 107, 113, 119, 120, 127, 130, 136, 139, 140, 141, 146, 147, 148, 153, 154, 155, 183, 184, 186, 187, 193, 200, 209, 210, 216, 217, 219, 249, 251, 253, 262, 263, 264, 267, 268, 269, 270, 276, 277, 279, 280, 285, 286, 292, 293, 295, 305, 306, 307, 309, 310, 311, 312, 313, 315, 316, 319, 340, 386, 387, 393, 394, 395, 396, 397, 403, 404, 405, 406, 414, 415, 418, 424, 427, 428, 431, 432, 433, 434, 435, 437, 439], "excluded_lines": [], "start_line": 1}}}, "src/core/__init__.py": {"executed_lines": [], "summary": {"covered_lines": 0, "num_statements": 0, "percent_covered": 100.0, "percent_covered_display": "100", "missing_lines": 0, "excluded_lines": 0, "percent_statements_covered": 100.0, "percent_statements_covered_display": "100"}, "missing_lines": [], "excluded_lines": [], "functions": {"": {"executed_lines": [], "summary": {"covered_lines": 0, "num_statements": 0, "percent_covered": 100.0, "percent_covered_display": "100", "missing_lines": 0, "excluded_lines": 0, "percent_statements_covered": 100.0, "percent_statements_covered_display": "100"}, "missing_lines": [], "excluded_lines": [], "start_line": 1}}, "classes": {"": {"executed_lines": [], "summary": {"covered_lines": 0, "num_statements": 0, "percent_covered": 100.0, "percent_covered_display": "100", "missing_lines": 0, "excluded_lines": 0, "percent_statements_covered": 100.0, "percent_statements_covered_display": "100"}, "missing_lines": [], "excluded_lines": [], "start_line": 1}}}, "src/core/circuit_breaker.py": {"executed_lines": [6, 7, 8, 9, 10, 11, 13, 16, 18, 19, 20, 23, 38, 55, 56, 57, 58, 59, 61, 62, 63, 64, 65, 67, 68, 70, 72, 74, 75, 77, 79, 80, 81, 82, 83, 84, 85, 86, 87, 89, 90, 91, 92, 97, 99, 100, 101, 102, 103, 105, 107, 109, 110, 112, 113, 114, 115, 116, 120, 122, 124, 125, 126, 127, 128, 130, 145, 146, 150, 151, 152, 155, 156, 157, 158, 159, 161, 170, 171, 172, 173, 176, 178], "summary": {"covered_lines": 83, "num_statements": 86, "percent_covered": 96.51162790697674, "percent_covered_display": "97", "missing_lines": 3, "excluded_lines": 0, "percent_statements_covered": 96.51162790697674, "percent_statements_covered_display": "97"}, "missing_lines": [93, 95, 154], "excluded_lines": [], "functions": {"CircuitBreaker.__init__": {"executed_lines": [55, 56, 57, 58, 59, 61, 62, 63, 64, 65], "summary": {"covered_lines": 10, "num_statements": 10, "percent_covered": 100.0, "percent_covered_display": "100", "missing_lines": 0, "excluded_lines": 0, "percent_statements_covered": 100.0, "percent_statements_covered_display": "100"}, "missing_lines": [], "excluded_lines": [], "start_line": 38}, "CircuitBreaker.state": {"executed_lines": [70], "summary": {"covered_lines": 1, "num_statements": 1, "percent_covered": 100.0, "percent_covered_display": "100", "missing_lines": 0, "excluded_lines": 0, "percent_statements_covered": 100.0, "percent_statements_covered_display": "100"}, "missing_lines": [], "excluded_lines": [], "start_line": 68}, "CircuitBreaker._can_execute": {"executed_lines": [74, 75, 77, 79, 80, 81, 82, 83, 84, 85, 86, 87, 89, 90, 91, 92], "summary": {"covered_lines": 16, "num_statements": 18, "percent_covered": 88.88888888888889, "percent_covered_display": "89", "missing_lines": 2, "excluded_lines": 0, "percent_statements_covered": 88.88888888888889, "percent_statements_covered_display": "89"}, "missing_lines": [93, 95], "excluded_lines": [], "start_line": 72}, "CircuitBreaker._on_success": {"executed_lines": [99, 100, 101, 102, 103, 105], "summary": {"covered_lines": 6, "num_statements": 6, "percent_covered": 100.0, "percent_covered_display": "100", "missing_lines": 0, "excluded_lines": 0, "percent_statements_covered": 100.0, "percent_statements_covered_display": "100"}, "missing_lines": [], "excluded_lines": [], "start_line": 97}, "CircuitBreaker._on_failure": {"executed_lines": [109, 110, 112, 113, 114, 115, 116, 120], "summary": {"covered_lines": 8, "num_statements": 8, "percent_covered": 100.0, "percent_covered_display": "100", "missing_lines": 0, "excluded_lines": 0, "percent_statements_covered": 100.0, "percent_statements_covered_display": "100"}, "missing_lines": [], "excluded_lines": [], "start_line": 107}, "CircuitBreaker._reset": {"executed_lines": [124, 125, 126, 127, 128], "summary": {"covered_lines": 5, "num_statements": 5, "percent_covered": 100.0, "percent_covered_display": "100", "missing_lines": 0, "excluded_lines": 0, "percent_statements_covered": 100.0, "percent_statements_covered_display": "100"}, "missing_lines": [], "excluded_lines": [], "start_line": 122}, "CircuitBreaker.call": {"executed_lines": [145, 146, 150, 151, 152, 155, 156, 157, 158, 159], "summary": {"covered_lines": 10, "num_statements": 11, "percent_covered": 90.9090909090909, "percent_covered_display": "91", "missing_lines": 1, "excluded_lines": 0, "percent_statements_covered": 90.9090909090909, "percent_statements_covered_display": "91"}, "missing_lines": [154], "excluded_lines": [], "start_line": 130}, "CircuitBreaker.protect": {"executed_lines": [170, 171, 173], "summary": {"covered_lines": 3, "num_statements": 3, "percent_covered": 100.0, "percent_covered_display": "100", "missing_lines": 0, "excluded_lines": 0, "percent_statements_covered": 100.0, "percent_statements_covered_display": "100"}, "missing_lines": [], "excluded_lines": [], "start_line": 161}, "CircuitBreaker.protect.wrapper": {"executed_lines": [172], "summary": {"covered_lines": 1, "num_statements": 1, "percent_covered": 100.0, "percent_covered_display": "100", "missing_lines": 0, "excluded_lines": 0, "percent_statements_covered": 100.0, "percent_statements_covered_display": "100"}, "missing_lines": [], "excluded_lines": [], "start_line": 171}, "": {"executed_lines": [6, 7, 8, 9, 10, 11, 13, 16, 18, 19, 20, 23, 38, 67, 68, 72, 97, 107, 122, 130, 161, 176, 178], "summary": {"covered_lines": 23, "num_statements": 23, "percent_covered": 100.0, "percent_covered_display": "100", "missing_lines": 0, "excluded_lines": 0, "percent_statements_covered": 100.0, "percent_statements_covered_display": "100"}, "missing_lines": [], "excluded_lines": [], "start_line": 1}}, "classes": {"CircuitState": {"executed_lines": [], "summary": {"covered_lines": 0, "num_statements": 0, "percent_covered": 100.0, "percent_covered_display": "100", "missing_lines": 0, "excluded_lines": 0, "percent_statements_covered": 100.0, "percent_statements_covered_display": "100"}, "missing_lines": [], "excluded_lines": [], "start_line": 16}, "CircuitBreaker": {"executed_lines": [55, 56, 57, 58, 59, 61, 62, 63, 64, 65, 70, 74, 75, 77, 79, 80, 81, 82, 83, 84, 85, 86, 87, 89, 90, 91, 92, 99, 100, 101, 102, 103, 105, 109, 110, 112, 113, 114, 115, 116, 120, 124, 125, 126, 127, 128, 145, 146, 150, 151, 152, 155, 156, 157, 158, 159, 170, 171, 172, 173], "summary": {"covered_lines": 60, "num_statements": 63, "percent_covered": 95.23809523809524, "percent_covered_display": "95", "missing_lines": 3, "excluded_lines": 0, "percent_statements_covered": 95.23809523809524, "percent_statements_covered_display": "95"}, "missing_lines": [93, 95, 154], "excluded_lines": [], "start_line": 23}, "CircuitBreakerOpen": {"executed_lines": [], "summary": {"covered_lines": 0, "num_statements": 0, "percent_covered": 100.0, "percent_covered_display": "100", "missing_lines": 0, "excluded_lines": 0, "percent_statements_covered": 100.0, "percent_statements_covered_display": "100"}, "missing_lines": [], "excluded_lines": [], "start_line": 176}, "": {"executed_lines": [6, 7, 8, 9, 10, 11, 13, 16, 18, 19, 20, 23, 38, 67, 68, 72, 97, 107, 122, 130, 161, 176, 178], "summary": {"covered_lines": 23, "num_statements": 23, "percent_covered": 100.0, "percent_covered_display": "100", "missing_lines": 0, "excluded_lines": 0, "percent_statements_covered": 100.0, "percent_statements_covered_display": "100"}, "missing_lines": [], "excluded_lines": [], "start_line": 1}}}, "src/core/config.py": {"executed_lines": [3, 4, 6, 7, 10, 13, 20, 21, 25, 28, 33, 39, 45, 52, 57, 60, 65, 67, 68, 69, 70, 73, 74, 83, 84, 94], "summary": {"covered_lines": 26, "num_statements": 32, "percent_covered": 81.25, "percent_covered_display": "81", "missing_lines": 6, "excluded_lines": 0, "percent_statements_covered": 81.25, "percent_statements_covered_display": "81"}, "missing_lines": [85, 86, 87, 88, 89, 90], "excluded_lines": [], "functions": {"Settings.__init__": {"executed_lines": [67, 68, 69, 70], "summary": {"covered_lines": 4, "num_statements": 4, "percent_covered": 100.0, "percent_covered_display": "100", "missing_lines": 0, "excluded_lines": 0, "percent_statements_covered": 100.0, "percent_statements_covered_display": "100"}, "missing_lines": [], "excluded_lines": [], "start_line": 65}, "get_settings": {"executed_lines": [83, 84], "summary": {"covered_lines": 2, "num_statements": 8, "percent_covered": 25.0, "percent_covered_display": "25", "missing_lines": 6, "excluded_lines": 0, "percent_statements_covered": 25.0, "percent_statements_covered_display": "25"}, "missing_lines": [85, 86, 87, 88, 89, 90], "excluded_lines": [], "start_line": 74}, "": {"executed_lines": [3, 4, 6, 7, 10, 13, 20, 21, 25, 28, 33, 39, 45, 52, 57, 60, 65, 73, 74, 94], "summary": {"covered_lines": 20, "num_statements": 20, "percent_covered": 100.0, "percent_covered_display": "100", "missing_lines": 0, "excluded_lines": 0, "percent_statements_covered": 100.0, "percent_statements_covered_display": "100"}, "missing_lines": [], "excluded_lines": [], "start_line": 1}}, "classes": {"Settings": {"executed_lines": [67, 68, 69, 70], "summary": {"covered_lines": 4, "num_statements": 4, "percent_covered": 100.0, "percent_covered_display": "100", "missing_lines": 0, "excluded_lines": 0, "percent_statements_covered": 100.0, "percent_statements_covered_display": "100"}, "missing_lines": [], "excluded_lines": [], "start_line": 10}, "": {"executed_lines": [3, 4, 6, 7, 10, 13, 20, 21, 25, 28, 33, 39, 45, 52, 57, 60, 65, 73, 74, 83, 84, 94], "summary": {"covered_lines": 22, "num_statements": 28, "percent_covered": 78.57142857142857, "percent_covered_display": "79", "missing_lines": 6, "excluded_lines": 0, "percent_statements_covered": 78.57142857142857, "percent_statements_covered_display": "79"}, "missing_lines": [85, 86, 87, 88, 89, 90], "excluded_lines": [], "start_line": 1}}}, "src/core/logging.py": {"executed_lines": [3, 4, 5, 6, 7, 9, 12, 15, 51, 71, 80, 83, 86, 90], "summary": {"covered_lines": 14, "num_statements": 35, "percent_covered": 40.0, "percent_covered_display": "40", "missing_lines": 21, "excluded_lines": 0, "percent_statements_covered": 40.0, "percent_statements_covered_display": "40"}, "missing_lines": [24, 32, 33, 36, 37, 41, 45, 46, 48, 57, 58, 61, 62, 63, 64, 67, 68, 87, 88, 92, 93], "excluded_lines": [], "functions": {"JSONFormatter.format": {"executed_lines": [], "summary": {"covered_lines": 0, "num_statements": 9, "percent_covered": 0.0, "percent_covered_display": "0", "missing_lines": 9, "excluded_lines": 0, "percent_statements_covered": 0.0, "percent_statements_covered_display": "0"}, "missing_lines": [24, 32, 33, 36, 37, 41, 45, 46, 48], "excluded_lines": [], "start_line": 15}, "setup_logging": {"executed_lines": [], "summary": {"covered_lines": 0, "num_statements": 8, "percent_covered": 0.0, "percent_covered_display": "0", "missing_lines": 8, "excluded_lines": 0, "percent_statements_covered": 0.0, "percent_statements_covered_display": "0"}, "missing_lines": [57, 58, 61, 62, 63, 64, 67, 68], "excluded_lines": [], "start_line": 51}, "get_logger": {"executed_lines": [80], "summary": {"covered_lines": 1, "num_statements": 1, "percent_covered": 100.0, "percent_covered_display": "100", "missing_lines": 0, "excluded_lines": 0, "percent_statements_covered": 100.0, "percent_statements_covered_display": "100"}, "missing_lines": [], "excluded_lines": [], "start_line": 71}, "RequestIdFilter.__init__": {"executed_lines": [], "summary": {"covered_lines": 0, "num_statements": 2, "percent_covered": 0.0, "percent_covered_display": "0", "missing_lines": 2, "excluded_lines": 0, "percent_statements_covered": 0.0, "percent_statements_covered_display": "0"}, "missing_lines": [87, 88], "excluded_lines": [], "start_line": 86}, "RequestIdFilter.filter": {"executed_lines": [], "summary": {"covered_lines": 0, "num_statements": 2, "percent_covered": 0.0, "percent_covered_display": "0", "missing_lines": 2, "excluded_lines": 0, "percent_statements_covered": 0.0, "percent_statements_covered_display": "0"}, "missing_lines": [92, 93], "excluded_lines": [], "start_line": 90}, "": {"executed_lines": [3, 4, 5, 6, 7, 9, 12, 15, 51, 71, 83, 86, 90], "summary": {"covered_lines": 13, "num_statements": 13, "percent_covered": 100.0, "percent_covered_display": "100", "missing_lines": 0, "excluded_lines": 0, "percent_statements_covered": 100.0, "percent_statements_covered_display": "100"}, "missing_lines": [], "excluded_lines": [], "start_line": 1}}, "classes": {"JSONFormatter": {"executed_lines": [], "summary": {"covered_lines": 0, "num_statements": 9, "percent_covered": 0.0, "percent_covered_display": "0", "missing_lines": 9, "excluded_lines": 0, "percent_statements_covered": 0.0, "percent_statements_covered_display": "0"}, "missing_lines": [24, 32, 33, 36, 37, 41, 45, 46, 48], "excluded_lines": [], "start_line": 12}, "RequestIdFilter": {"executed_lines": [], "summary": {"covered_lines": 0, "num_statements": 4, "percent_covered": 0.0, "percent_covered_display": "0", "missing_lines": 4, "excluded_lines": 0, "percent_statements_covered": 0.0, "percent_statements_covered_display": "0"}, "missing_lines": [87, 88, 92, 93], "excluded_lines": [], "start_line": 83}, "": {"executed_lines": [3, 4, 5, 6, 7, 9, 12, 15, 51, 71, 80, 83, 86, 90], "summary": {"covered_lines": 14, "num_statements": 22, "percent_covered": 63.63636363636363, "percent_covered_display": "64", "missing_lines": 8, "excluded_lines": 0, "percent_statements_covered": 63.63636363636363, "percent_statements_covered_display": "64"}, "missing_lines": [57, 58, 61, 62, 63, 64, 67, 68], "excluded_lines": [], "start_line": 1}}}, "src/core/retry.py": {"executed_lines": [7, 8, 9, 10, 11, 13, 16, 28, 37, 38, 39, 40, 41, 42, 44, 53, 54, 56, 58, 60, 63, 83, 84, 86, 87, 88, 89, 91, 93, 94, 95, 97, 98, 100, 101, 104, 106, 107, 111, 116, 133, 140, 141, 142, 143, 144, 145, 150, 157, 164], "summary": {"covered_lines": 50, "num_statements": 51, "percent_covered": 98.03921568627452, "percent_covered_display": "98", "missing_lines": 1, "excluded_lines": 0, "percent_statements_covered": 98.03921568627452, "percent_statements_covered_display": "98"}, "missing_lines": [113], "excluded_lines": [], "functions": {"RetryConfig.__init__": {"executed_lines": [37, 38, 39, 40, 41, 42], "summary": {"covered_lines": 6, "num_statements": 6, "percent_covered": 100.0, "percent_covered_display": "100", "missing_lines": 0, "excluded_lines": 0, "percent_statements_covered": 100.0, "percent_statements_covered_display": "100"}, "missing_lines": [], "excluded_lines": [], "start_line": 28}, "RetryConfig.calculate_delay": {"executed_lines": [53, 54, 56, 58, 60], "summary": {"covered_lines": 5, "num_statements": 5, "percent_covered": 100.0, "percent_covered_display": "100", "missing_lines": 0, "excluded_lines": 0, "percent_statements_covered": 100.0, "percent_statements_covered_display": "100"}, "missing_lines": [], "excluded_lines": [], "start_line": 44}, "retry": {"executed_lines": [83, 84, 86, 87, 88, 89, 91, 93, 94, 95, 97, 98, 100, 101, 104, 106, 107, 111], "summary": {"covered_lines": 18, "num_statements": 19, "percent_covered": 94.73684210526316, "percent_covered_display": "95", "missing_lines": 1, "excluded_lines": 0, "percent_statements_covered": 94.73684210526316, "percent_statements_covered_display": "95"}, "missing_lines": [113], "excluded_lines": [], "start_line": 63}, "with_retry": {"executed_lines": [133, 140, 141, 145], "summary": {"covered_lines": 4, "num_statements": 4, "percent_covered": 100.0, "percent_covered_display": "100", "missing_lines": 0, "excluded_lines": 0, "percent_statements_covered": 100.0, "percent_statements_covered_display": "100"}, "missing_lines": [], "excluded_lines": [], "start_line": 116}, "with_retry.decorator": {"executed_lines": [142, 144], "summary": {"covered_lines": 2, "num_statements": 2, "percent_covered": 100.0, "percent_covered_display": "100", "missing_lines": 0, "excluded_lines": 0, "percent_statements_covered": 100.0, "percent_statements_covered_display": "100"}, "missing_lines": [], "excluded_lines": [], "start_line": 140}, "with_retry.decorator.wrapper": {"executed_lines": [143], "summary": {"covered_lines": 1, "num_statements": 1, "percent_covered": 100.0, "percent_covered_display": "100", "missing_lines": 0, "excluded_lines": 0, "percent_statements_covered": 100.0, "percent_statements_covered_display": "100"}, "missing_lines": [], "excluded_lines": [], "start_line": 142}, "": {"executed_lines": [7, 8, 9, 10, 11, 13, 16, 28, 44, 63, 116, 150, 157, 164], "summary": {"covered_lines": 14, "num_statements": 14, "percent_covered": 100.0, "percent_covered_display": "100", "missing_lines": 0, "excluded_lines": 0, "percent_statements_covered": 100.0, "percent_statements_covered_display": "100"}, "missing_lines": [], "excluded_lines": [], "start_line": 1}}, "classes": {"RetryConfig": {"executed_lines": [37, 38, 39, 40, 41, 42, 53, 54, 56, 58, 60], "summary": {"covered_lines": 11, "num_statements": 11, "percent_covered": 100.0, "percent_covered_display": "100", "missing_lines": 0, "excluded_lines": 0, "percent_statements_covered": 100.0, "percent_statements_covered_display": "100"}, "missing_lines": [], "excluded_lines": [], "start_line": 16}, "": {"executed_lines": [7, 8, 9, 10, 11, 13, 16, 28, 44, 63, 83, 84, 86, 87, 88, 89, 91, 93, 94, 95, 97, 98, 100, 101, 104, 106, 107, 111, 116, 133, 140, 141, 142, 143, 144, 145, 150, 157, 164], "summary": {"covered_lines": 39, "num_statements": 40, "percent_covered": 97.5, "percent_covered_display": "98", "missing_lines": 1, "excluded_lines": 0, "percent_statements_covered": 97.5, "percent_statements_covered_display": "98"}, "missing_lines": [113], "excluded_lines": [], "start_line": 1}}}, "src/core/security.py": {"executed_lines": [3, 4, 5, 7, 8, 9, 10, 11, 12, 13, 15, 16, 18, 21, 24, 27, 28, 30, 35, 47, 50, 53, 55, 58, 59, 60, 61, 66, 76, 85, 86, 90, 93, 96, 98, 100, 101, 104, 105, 107, 110, 117, 120, 123, 124, 125, 134, 138, 144, 147, 177, 186, 187, 193, 203, 206, 209, 210, 212, 215], "summary": {"covered_lines": 60, "num_statements": 78, "percent_covered": 76.92307692307692, "percent_covered_display": "77", "missing_lines": 18, "excluded_lines": 0, "percent_statements_covered": 76.92307692307692, "percent_statements_covered_display": "77"}, "missing_lines": [36, 38, 41, 46, 67, 159, 160, 161, 162, 163, 168, 169, 174, 229, 232, 235, 237, 247], "excluded_lines": [], "functions": {"get_limiter": {"executed_lines": [27, 28, 30, 35, 47], "summary": {"covered_lines": 5, "num_statements": 9, "percent_covered": 55.55555555555556, "percent_covered_display": "56", "missing_lines": 4, "excluded_lines": 0, "percent_statements_covered": 55.55555555555556, "percent_statements_covered_display": "56"}, "missing_lines": [36, 38, 41, 46], "excluded_lines": [], "start_line": 24}, "SecurityHeadersMiddleware.dispatch": {"executed_lines": [55, 58, 59, 60, 61, 66, 76, 85, 86, 90], "summary": {"covered_lines": 10, "num_statements": 11, "percent_covered": 90.9090909090909, "percent_covered_display": "91", "missing_lines": 1, "excluded_lines": 0, "percent_statements_covered": 90.9090909090909, "percent_statements_covered_display": "91"}, "missing_lines": [67], "excluded_lines": [], "start_line": 53}, "RequestIdMiddleware.dispatch": {"executed_lines": [98, 100, 101, 104, 105, 107], "summary": {"covered_lines": 6, "num_statements": 6, "percent_covered": 100.0, "percent_covered_display": "100", "missing_lines": 0, "excluded_lines": 0, "percent_statements_covered": 100.0, "percent_statements_covered_display": "100"}, "missing_lines": [], "excluded_lines": [], "start_line": 96}, "setup_security": {"executed_lines": [117, 120, 123, 124, 125, 134], "summary": {"covered_lines": 6, "num_statements": 6, "percent_covered": 100.0, "percent_covered_display": "100", "missing_lines": 0, "excluded_lines": 0, "percent_statements_covered": 100.0, "percent_statements_covered_display": "100"}, "missing_lines": [], "excluded_lines": [], "start_line": 110}, "validate_file_type": {"executed_lines": [], "summary": {"covered_lines": 0, "num_statements": 8, "percent_covered": 0.0, "percent_covered_display": "0", "missing_lines": 8, "excluded_lines": 0, "percent_statements_covered": 0.0, "percent_statements_covered_display": "0"}, "missing_lines": [159, 160, 161, 162, 163, 168, 169, 174], "excluded_lines": [], "start_line": 147}, "validate_file_size": {"executed_lines": [186, 187], "summary": {"covered_lines": 2, "num_statements": 2, "percent_covered": 100.0, "percent_covered_display": "100", "missing_lines": 0, "excluded_lines": 0, "percent_statements_covered": 100.0, "percent_statements_covered_display": "100"}, "missing_lines": [], "excluded_lines": [], "start_line": 177}, "sanitize_filename": {"executed_lines": [203, 206, 209, 210, 212], "summary": {"covered_lines": 5, "num_statements": 5, "percent_covered": 100.0, "percent_covered_display": "100", "missing_lines": 0, "excluded_lines": 0, "percent_statements_covered": 100.0, "percent_statements_covered_display": "100"}, "missing_lines": [], "excluded_lines": [], "start_line": 193}, "validate_upload_file": {"executed_lines": [], "summary": {"covered_lines": 0, "num_statements": 5, "percent_covered": 0.0, "percent_covered_display": "0", "missing_lines": 5, "excluded_lines": 0, "percent_statements_covered": 0.0, "percent_statements_covered_display": "0"}, "missing_lines": [229, 232, 235, 237, 247], "excluded_lines": [], "start_line": 215}, "": {"executed_lines": [3, 4, 5, 7, 8, 9, 10, 11, 12, 13, 15, 16, 18, 21, 24, 50, 53, 93, 96, 110, 138, 144, 147, 177, 193, 215], "summary": {"covered_lines": 26, "num_statements": 26, "percent_covered": 100.0, "percent_covered_display": "100", "missing_lines": 0, "excluded_lines": 0, "percent_statements_covered": 100.0, "percent_statements_covered_display": "100"}, "missing_lines": [], "excluded_lines": [], "start_line": 1}}, "classes": {"SecurityHeadersMiddleware": {"executed_lines": [55, 58, 59, 60, 61, 66, 76, 85, 86, 90], "summary": {"covered_lines": 10, "num_statements": 11, "percent_covered": 90.9090909090909, "percent_covered_display": "91", "missing_lines": 1, "excluded_lines": 0, "percent_statements_covered": 90.9090909090909, "percent_statements_covered_display": "91"}, "missing_lines": [67], "excluded_lines": [], "start_line": 50}, "RequestIdMiddleware": {"executed_lines": [98, 100, 101, 104, 105, 107], "summary": {"covered_lines": 6, "num_statements": 6, "percent_covered": 100.0, "percent_covered_display": "100", "missing_lines": 0, "excluded_lines": 0, "percent_statements_covered": 100.0, "percent_statements_covered_display": "100"}, "missing_lines": [], "excluded_lines": [], "start_line": 93}, "": {"executed_lines": [3, 4, 5, 7, 8, 9, 10, 11, 12, 13, 15, 16, 18, 21, 24, 27, 28, 30, 35, 47, 50, 53, 93, 96, 110, 117, 120, 123, 124, 125, 134, 138, 144, 147, 177, 186, 187, 193, 203, 206, 209, 210, 212, 215], "summary": {"covered_lines": 44, "num_statements": 61, "percent_covered": 72.1311475409836, "percent_covered_display": "72", "missing_lines": 17, "excluded_lines": 0, "percent_statements_covered": 72.1311475409836, "percent_statements_covered_display": "72"}, "missing_lines": [36, 38, 41, 46, 159, 160, 161, 162, 163, 168, 169, 174, 229, 232, 235, 237, 247], "excluded_lines": [], "start_line": 1}}}, "src/core/stride_mappings.py": {"executed_lines": [3, 4, 6, 7, 10, 11, 12, 17, 21, 24, 25, 26, 29, 30, 33, 34, 37, 38, 39, 42, 45, 46, 48, 49, 51, 52, 56, 57, 58, 59, 61, 64, 65, 66, 67, 69, 70, 72, 74, 75, 76, 79, 81, 83, 85, 87, 88, 89, 91, 92, 93, 94, 96, 97, 98, 100, 101, 102, 105], "summary": {"covered_lines": 59, "num_statements": 67, "percent_covered": 88.05970149253731, "percent_covered_display": "88", "missing_lines": 8, "excluded_lines": 0, "percent_statements_covered": 88.05970149253731, "percent_statements_covered_display": "88"}, "missing_lines": [53, 54, 62, 77, 107, 108, 109, 110], "excluded_lines": [], "functions": {"StrideMappings.__init__": {"executed_lines": [46], "summary": {"covered_lines": 1, "num_statements": 1, "percent_covered": 100.0, "percent_covered_display": "100", "missing_lines": 0, "excluded_lines": 0, "percent_statements_covered": 100.0, "percent_statements_covered_display": "100"}, "missing_lines": [], "excluded_lines": [], "start_line": 45}, "StrideMappings.from_file": {"executed_lines": [51, 52, 56, 57, 58, 59, 61, 64, 65, 66, 67, 69, 70], "summary": {"covered_lines": 13, "num_statements": 16, "percent_covered": 81.25, "percent_covered_display": "81", "missing_lines": 3, "excluded_lines": 0, "percent_statements_covered": 81.25, "percent_statements_covered_display": "81"}, "missing_lines": [53, 54, 62], "excluded_lines": [], "start_line": 49}, "StrideMappings.get_component_threats": {"executed_lines": [74, 75, 76], "summary": {"covered_lines": 3, "num_statements": 4, "percent_covered": 75.0, "percent_covered_display": "75", "missing_lines": 1, "excluded_lines": 0, "percent_statements_covered": 75.0, "percent_statements_covered_display": "75"}, "missing_lines": [77], "excluded_lines": [], "start_line": 72}, "StrideMappings.has_component_type": {"executed_lines": [81], "summary": {"covered_lines": 1, "num_statements": 1, "percent_covered": 100.0, "percent_covered_display": "100", "missing_lines": 0, "excluded_lines": 0, "percent_statements_covered": 100.0, "percent_statements_covered_display": "100"}, "missing_lines": [], "excluded_lines": [], "start_line": 79}, "StrideMappings.get_data_flow_threats": {"executed_lines": [85], "summary": {"covered_lines": 1, "num_statements": 1, "percent_covered": 100.0, "percent_covered_display": "100", "missing_lines": 0, "excluded_lines": 0, "percent_statements_covered": 100.0, "percent_statements_covered_display": "100"}, "missing_lines": [], "excluded_lines": [], "start_line": 83}, "StrideMappings._validate_categories": {"executed_lines": [89, 91, 96, 97, 98, 100, 101, 102], "summary": {"covered_lines": 8, "num_statements": 8, "percent_covered": 100.0, "percent_covered_display": "100", "missing_lines": 0, "excluded_lines": 0, "percent_statements_covered": 100.0, "percent_statements_covered_display": "100"}, "missing_lines": [], "excluded_lines": [], "start_line": 88}, "StrideMappings._validate_categories.collect_invalid": {"executed_lines": [92, 93, 94], "summary": {"covered_lines": 3, "num_statements": 3, "percent_covered": 100.0, "percent_covered_display": "100", "missing_lines": 0, "excluded_lines": 0, "percent_statements_covered": 100.0, "percent_statements_covered_display": "100"}, "missing_lines": [], "excluded_lines": [], "start_line": 91}, "default_stride_mappings_path": {"executed_lines": [], "summary": {"covered_lines": 0, "num_statements": 4, "percent_covered": 0.0, "percent_covered_display": "0", "missing_lines": 4, "excluded_lines": 0, "percent_statements_covered": 0.0, "percent_statements_covered_display": "0"}, "missing_lines": [107, 108, 109, 110], "excluded_lines": [], "start_line": 105}, "": {"executed_lines": [3, 4, 6, 7, 10, 11, 12, 17, 21, 24, 25, 26, 29, 30, 33, 34, 37, 38, 39, 42, 45, 48, 49, 72, 79, 83, 87, 88, 105], "summary": {"covered_lines": 29, "num_statements": 29, "percent_covered": 100.0, "percent_covered_display": "100", "missing_lines": 0, "excluded_lines": 0, "percent_statements_covered": 100.0, "percent_statements_covered_display": "100"}, "missing_lines": [], "excluded_lines": [], "start_line": 1}}, "classes": {"StrideMappingError": {"executed_lines": [], "summary": {"covered_lines": 0, "num_statements": 0, "percent_covered": 100.0, "percent_covered_display": "100", "missing_lines": 0, "excluded_lines": 0, "percent_statements_covered": 100.0, "percent_statements_covered_display": "100"}, "missing_lines": [], "excluded_lines": [], "start_line": 17}, "MappingThreat": {"executed_lines": [], "summary": {"covered_lines": 0, "num_statements": 0, "percent_covered": 100.0, "percent_covered_display": "100", "missing_lines": 0, "excluded_lines": 0, "percent_statements_covered": 100.0, "percent_statements_covered_display": "100"}, "missing_lines": [], "excluded_lines": [], "start_line": 21}, "_ComponentMapping": {"executed_lines": [], "summary": {"covered_lines": 0, "num_statements": 0, "percent_covered": 100.0, "percent_covered_display": "100", "missing_lines": 0, "excluded_lines": 0, "percent_statements_covered": 100.0, "percent_statements_covered_display": "100"}, "missing_lines": [], "excluded_lines": [], "start_line": 29}, "_DataFlowMapping": {"executed_lines": [], "summary": {"covered_lines": 0, "num_statements": 0, "percent_covered": 100.0, "percent_covered_display": "100", "missing_lines": 0, "excluded_lines": 0, "percent_statements_covered": 100.0, "percent_statements_covered_display": "100"}, "missing_lines": [], "excluded_lines": [], "start_line": 33}, "_StrideMappingDocument": {"executed_lines": [], "summary": {"covered_lines": 0, "num_statements": 0, "percent_covered": 100.0, "percent_covered_display": "100", "missing_lines": 0, "excluded_lines": 0, "percent_statements_covered": 100.0, "percent_statements_covered_display": "100"}, "missing_lines": [], "excluded_lines": [], "start_line": 37}, "StrideMappings": {"executed_lines": [46, 51, 52, 56, 57, 58, 59, 61, 64, 65, 66, 67, 69, 70, 74, 75, 76, 81, 85, 89, 91, 92, 93, 94, 96, 97, 98, 100, 101, 102], "summary": {"covered_lines": 30, "num_statements": 34, "percent_covered": 88.23529411764706, "percent_covered_display": "88", "missing_lines": 4, "excluded_lines": 0, "percent_statements_covered": 88.23529411764706, "percent_statements_covered_display": "88"}, "missing_lines": [53, 54, 62, 77], "excluded_lines": [], "start_line": 42}, "": {"executed_lines": [3, 4, 6, 7, 10, 11, 12, 17, 21, 24, 25, 26, 29, 30, 33, 34, 37, 38, 39, 42, 45, 48, 49, 72, 79, 83, 87, 88, 105], "summary": {"covered_lines": 29, "num_statements": 33, "percent_covered": 87.87878787878788, "percent_covered_display": "88", "missing_lines": 4, "excluded_lines": 0, "percent_statements_covered": 87.87878787878788, "percent_statements_covered_display": "88"}, "missing_lines": [107, 108, 109, 110], "excluded_lines": [], "start_line": 1}}}, "src/core/stride_rules.py": {"executed_lines": [3, 6, 14, 24, 31, 33, 36, 37, 39, 42, 45, 48, 51, 54, 56, 59, 61], "summary": {"covered_lines": 17, "num_statements": 22, "percent_covered": 77.27272727272727, "percent_covered_display": "77", "missing_lines": 5, "excluded_lines": 0, "percent_statements_covered": 77.27272727272727, "percent_statements_covered_display": "77"}, "missing_lines": [34, 40, 43, 46, 49], "excluded_lines": [], "functions": {"calculate_severity": {"executed_lines": [31, 33, 36, 37, 39, 42, 45, 48, 51], "summary": {"covered_lines": 9, "num_statements": 14, "percent_covered": 64.28571428571429, "percent_covered_display": "64", "missing_lines": 5, "excluded_lines": 0, "percent_statements_covered": 64.28571428571429, "percent_statements_covered_display": "64"}, "missing_lines": [34, 40, 43, 46, 49], "excluded_lines": [], "start_line": 24}, "severity_sort_rank": {"executed_lines": [56], "summary": {"covered_lines": 1, "num_statements": 1, "percent_covered": 100.0, "percent_covered_display": "100", "missing_lines": 0, "excluded_lines": 0, "percent_statements_covered": 100.0, "percent_statements_covered_display": "100"}, "missing_lines": [], "excluded_lines": [], "start_line": 54}, "category_name": {"executed_lines": [61], "summary": {"covered_lines": 1, "num_statements": 1, "percent_covered": 100.0, "percent_covered_display": "100", "missing_lines": 0, "excluded_lines": 0, "percent_statements_covered": 100.0, "percent_statements_covered_display": "100"}, "missing_lines": [], "excluded_lines": [], "start_line": 59}, "": {"executed_lines": [3, 6, 14, 24, 54, 59], "summary": {"covered_lines": 6, "num_statements": 6, "percent_covered": 100.0, "percent_covered_display": "100", "missing_lines": 0, "excluded_lines": 0, "percent_statements_covered": 100.0, "percent_statements_covered_display": "100"}, "missing_lines": [], "excluded_lines": [], "start_line": 1}}, "classes": {"": {"executed_lines": [3, 6, 14, 24, 31, 33, 36, 37, 39, 42, 45, 48, 51, 54, 56, 59, 61], "summary": {"covered_lines": 17, "num_statements": 22, "percent_covered": 77.27272727272727, "percent_covered_display": "77", "missing_lines": 5, "excluded_lines": 0, "percent_statements_covered": 77.27272727272727, "percent_statements_covered_display": "77"}, "missing_lines": [34, 40, 43, 46, 49], "excluded_lines": [], "start_line": 1}}}, "src/core/vulnerability_db.py": {"executed_lines": [3, 4, 5, 7, 9, 11, 14, 17, 21, 22, 25, 26, 27, 28, 29, 30, 31, 34, 37, 38, 43, 44, 46, 47, 48, 49, 50, 54, 57, 58, 61, 62, 64, 65, 66, 67, 68, 72, 73, 75, 77, 83, 85, 86, 87, 90, 91, 92, 93, 97, 98, 99, 100, 105, 114, 115, 116, 121, 122, 123, 129, 152, 154, 155, 162, 163, 167, 169, 170, 177, 178, 179, 180, 184, 186, 187, 192, 193, 194, 210, 211, 212, 215], "summary": {"covered_lines": 83, "num_statements": 100, "percent_covered": 83.0, "percent_covered_display": "83", "missing_lines": 17, "excluded_lines": 0, "percent_statements_covered": 83.0, "percent_statements_covered_display": "83"}, "missing_lines": [51, 52, 55, 59, 88, 117, 124, 164, 181, 195, 196, 200, 201, 202, 203, 207, 208], "excluded_lines": [], "functions": {"VulnerabilityDatabase.__init__": {"executed_lines": [38], "summary": {"covered_lines": 1, "num_statements": 1, "percent_covered": 100.0, "percent_covered_display": "100", "missing_lines": 0, "excluded_lines": 0, "percent_statements_covered": 100.0, "percent_statements_covered_display": "100"}, "missing_lines": [], "excluded_lines": [], "start_line": 37}, "VulnerabilityDatabase.from_file": {"executed_lines": [46, 47, 48, 49, 50, 54, 57, 58, 61, 62, 64, 65, 66, 67, 68, 72, 73, 75], "summary": {"covered_lines": 18, "num_statements": 22, "percent_covered": 81.81818181818181, "percent_covered_display": "82", "missing_lines": 4, "excluded_lines": 0, "percent_statements_covered": 81.81818181818181, "percent_statements_covered_display": "82"}, "missing_lines": [51, 52, 55, 59], "excluded_lines": [], "start_line": 44}, "VulnerabilityDatabase.find": {"executed_lines": [83], "summary": {"covered_lines": 1, "num_statements": 1, "percent_covered": 100.0, "percent_covered_display": "100", "missing_lines": 0, "excluded_lines": 0, "percent_statements_covered": 100.0, "percent_statements_covered_display": "100"}, "missing_lines": [], "excluded_lines": [], "start_line": 77}, "VulnerabilityDatabase._parse_mapping": {"executed_lines": [87, 90, 91, 92, 93, 97, 98, 99, 100, 105], "summary": {"covered_lines": 10, "num_statements": 11, "percent_covered": 90.9090909090909, "percent_covered_display": "91", "missing_lines": 1, "excluded_lines": 0, "percent_statements_covered": 90.9090909090909, "percent_statements_covered_display": "91"}, "missing_lines": [88], "excluded_lines": [], "start_line": 86}, "VulnerabilityDatabase._parse_countermeasures": {"executed_lines": [116, 121, 122, 123, 129, 152], "summary": {"covered_lines": 6, "num_statements": 8, "percent_covered": 75.0, "percent_covered_display": "75", "missing_lines": 2, "excluded_lines": 0, "percent_statements_covered": 75.0, "percent_statements_covered_display": "75"}, "missing_lines": [117, 124], "excluded_lines": [], "start_line": 115}, "VulnerabilityDatabase._required_string": {"executed_lines": [162, 163, 167], "summary": {"covered_lines": 3, "num_statements": 4, "percent_covered": 75.0, "percent_covered_display": "75", "missing_lines": 1, "excluded_lines": 0, "percent_statements_covered": 75.0, "percent_statements_covered_display": "75"}, "missing_lines": [164], "excluded_lines": [], "start_line": 155}, "VulnerabilityDatabase._optional_string": {"executed_lines": [177, 178, 179, 180, 184], "summary": {"covered_lines": 5, "num_statements": 6, "percent_covered": 83.33333333333333, "percent_covered_display": "83", "missing_lines": 1, "excluded_lines": 0, "percent_statements_covered": 83.33333333333333, "percent_statements_covered_display": "83"}, "missing_lines": [181], "excluded_lines": [], "start_line": 170}, "VulnerabilityDatabase._optional_string_list": {"executed_lines": [192, 193, 194], "summary": {"covered_lines": 3, "num_statements": 11, "percent_covered": 27.272727272727273, "percent_covered_display": "27", "missing_lines": 8, "excluded_lines": 0, "percent_statements_covered": 27.272727272727273, "percent_statements_covered_display": "27"}, "missing_lines": [195, 196, 200, 201, 202, 203, 207, 208], "excluded_lines": [], "start_line": 187}, "VulnerabilityDatabase._key": {"executed_lines": [212], "summary": {"covered_lines": 1, "num_statements": 1, "percent_covered": 100.0, "percent_covered_display": "100", "missing_lines": 0, "excluded_lines": 0, "percent_statements_covered": 100.0, "percent_statements_covered_display": "100"}, "missing_lines": [], "excluded_lines": [], "start_line": 211}, "": {"executed_lines": [3, 4, 5, 7, 9, 11, 14, 17, 21, 22, 25, 26, 27, 28, 29, 30, 31, 34, 37, 43, 44, 77, 85, 86, 114, 115, 154, 155, 169, 170, 186, 187, 210, 211, 215], "summary": {"covered_lines": 35, "num_statements": 35, "percent_covered": 100.0, "percent_covered_display": "100", "missing_lines": 0, "excluded_lines": 0, "percent_statements_covered": 100.0, "percent_statements_covered_display": "100"}, "missing_lines": [], "excluded_lines": [], "start_line": 1}}, "classes": {"VulnerabilityDatabaseError": {"executed_lines": [], "summary": {"covered_lines": 0, "num_statements": 0, "percent_covered": 100.0, "percent_covered_display": "100", "missing_lines": 0, "excluded_lines": 0, "percent_statements_covered": 100.0, "percent_statements_covered_display": "100"}, "missing_lines": [], "excluded_lines": [], "start_line": 17}, "VulnerabilityMapping": {"executed_lines": [], "summary": {"covered_lines": 0, "num_statements": 0, "percent_covered": 100.0, "percent_covered_display": "100", "missing_lines": 0, "excluded_lines": 0, "percent_statements_covered": 100.0, "percent_statements_covered_display": "100"}, "missing_lines": [], "excluded_lines": [], "start_line": 22}, "VulnerabilityDatabase": {"executed_lines": [38, 46, 47, 48, 49, 50, 54, 57, 58, 61, 62, 64, 65, 66, 67, 68, 72, 73, 75, 83, 87, 90, 91, 92, 93, 97, 98, 99, 100, 105, 116, 121, 122, 123, 129, 152, 162, 163, 167, 177, 178, 179, 180, 184, 192, 193, 194, 212], "summary": {"covered_lines": 48, "num_statements": 65, "percent_covered": 73.84615384615384, "percent_covered_display": "74", "missing_lines": 17, "excluded_lines": 0, "percent_statements_covered": 73.84615384615384, "percent_statements_covered_display": "74"}, "missing_lines": [51, 52, 55, 59, 88, 117, 124, 164, 181, 195, 196, 200, 201, 202, 203, 207, 208], "excluded_lines": [], "start_line": 34}, "": {"executed_lines": [3, 4, 5, 7, 9, 11, 14, 17, 21, 22, 25, 26, 27, 28, 29, 30, 31, 34, 37, 43, 44, 77, 85, 86, 114, 115, 154, 155, 169, 170, 186, 187, 210, 211, 215], "summary": {"covered_lines": 35, "num_statements": 35, "percent_covered": 100.0, "percent_covered_display": "100", "missing_lines": 0, "excluded_lines": 0, "percent_statements_covered": 100.0, "percent_statements_covered_display": "100"}, "missing_lines": [], "excluded_lines": [], "start_line": 1}}}, "src/domain/__init__.py": {"executed_lines": [], "summary": {"covered_lines": 0, "num_statements": 0, "percent_covered": 100.0, "percent_covered_display": "100", "missing_lines": 0, "excluded_lines": 0, "percent_statements_covered": 100.0, "percent_statements_covered_display": "100"}, "missing_lines": [], "excluded_lines": [], "functions": {"": {"executed_lines": [], "summary": {"covered_lines": 0, "num_statements": 0, "percent_covered": 100.0, "percent_covered_display": "100", "missing_lines": 0, "excluded_lines": 0, "percent_statements_covered": 100.0, "percent_statements_covered_display": "100"}, "missing_lines": [], "excluded_lines": [], "start_line": 1}}, "classes": {"": {"executed_lines": [], "summary": {"covered_lines": 0, "num_statements": 0, "percent_covered": 100.0, "percent_covered_display": "100", "missing_lines": 0, "excluded_lines": 0, "percent_statements_covered": 100.0, "percent_statements_covered_display": "100"}, "missing_lines": [], "excluded_lines": [], "start_line": 1}}}, "src/domain/models.py": {"executed_lines": [7, 8, 9, 10, 12, 18, 21, 22, 23, 24, 27, 30, 31, 34, 37, 38, 39, 40, 41, 44, 47, 48, 49, 50, 53, 56, 57, 58, 64, 67, 68, 69, 70, 71, 74, 77, 78, 79, 80, 81, 82, 83, 84, 85, 91, 94, 95, 96, 99, 102, 103, 104, 105, 106, 107, 108, 109, 110, 111, 112, 113, 119, 122, 123, 124, 125, 128, 131, 132, 133, 134, 135, 136, 137, 140], "summary": {"covered_lines": 75, "num_statements": 75, "percent_covered": 100.0, "percent_covered_display": "100", "missing_lines": 0, "excluded_lines": 0, "percent_statements_covered": 100.0, "percent_statements_covered_display": "100"}, "missing_lines": [], "excluded_lines": [], "functions": {"": {"executed_lines": [7, 8, 9, 10, 12, 18, 21, 22, 23, 24, 27, 30, 31, 34, 37, 38, 39, 40, 41, 44, 47, 48, 49, 50, 53, 56, 57, 58, 64, 67, 68, 69, 70, 71, 74, 77, 78, 79, 80, 81, 82, 83, 84, 85, 91, 94, 95, 96, 99, 102, 103, 104, 105, 106, 107, 108, 109, 110, 111, 112, 113, 119, 122, 123, 124, 125, 128, 131, 132, 133, 134, 135, 136, 137, 140], "summary": {"covered_lines": 75, "num_statements": 75, "percent_covered": 100.0, "percent_covered_display": "100", "missing_lines": 0, "excluded_lines": 0, "percent_statements_covered": 100.0, "percent_statements_covered_display": "100"}, "missing_lines": [], "excluded_lines": [], "start_line": 1}}, "classes": {"BoundingBox": {"executed_lines": [], "summary": {"covered_lines": 0, "num_statements": 0, "percent_covered": 100.0, "percent_covered_display": "100", "missing_lines": 0, "excluded_lines": 0, "percent_statements_covered": 100.0, "percent_statements_covered_display": "100"}, "missing_lines": [], "excluded_lines": [], "start_line": 18}, "Point": {"executed_lines": [], "summary": {"covered_lines": 0, "num_statements": 0, "percent_covered": 100.0, "percent_covered_display": "100", "missing_lines": 0, "excluded_lines": 0, "percent_statements_covered": 100.0, "percent_statements_covered_display": "100"}, "missing_lines": [], "excluded_lines": [], "start_line": 27}, "DetectedComponent": {"executed_lines": [], "summary": {"covered_lines": 0, "num_statements": 0, "percent_covered": 100.0, "percent_covered_display": "100", "missing_lines": 0, "excluded_lines": 0, "percent_statements_covered": 100.0, "percent_statements_covered_display": "100"}, "missing_lines": [], "excluded_lines": [], "start_line": 34}, "DataFlow": {"executed_lines": [], "summary": {"covered_lines": 0, "num_statements": 0, "percent_covered": 100.0, "percent_covered_display": "100", "missing_lines": 0, "excluded_lines": 0, "percent_statements_covered": 100.0, "percent_statements_covered_display": "100"}, "missing_lines": [], "excluded_lines": [], "start_line": 44}, "ArchitectureGraph": {"executed_lines": [], "summary": {"covered_lines": 0, "num_statements": 0, "percent_covered": 100.0, "percent_covered_display": "100", "missing_lines": 0, "excluded_lines": 0, "percent_statements_covered": 100.0, "percent_statements_covered_display": "100"}, "missing_lines": [], "excluded_lines": [], "start_line": 53}, "Severity": {"executed_lines": [], "summary": {"covered_lines": 0, "num_statements": 0, "percent_covered": 100.0, "percent_covered_display": "100", "missing_lines": 0, "excluded_lines": 0, "percent_statements_covered": 100.0, "percent_statements_covered_display": "100"}, "missing_lines": [], "excluded_lines": [], "start_line": 64}, "Threat": {"executed_lines": [], "summary": {"covered_lines": 0, "num_statements": 0, "percent_covered": 100.0, "percent_covered_display": "100", "missing_lines": 0, "excluded_lines": 0, "percent_statements_covered": 100.0, "percent_statements_covered_display": "100"}, "missing_lines": [], "excluded_lines": [], "start_line": 74}, "Countermeasure": {"executed_lines": [], "summary": {"covered_lines": 0, "num_statements": 0, "percent_covered": 100.0, "percent_covered_display": "100", "missing_lines": 0, "excluded_lines": 0, "percent_statements_covered": 100.0, "percent_statements_covered_display": "100"}, "missing_lines": [], "excluded_lines": [], "start_line": 91}, "EnrichedThreat": {"executed_lines": [], "summary": {"covered_lines": 0, "num_statements": 0, "percent_covered": 100.0, "percent_covered_display": "100", "missing_lines": 0, "excluded_lines": 0, "percent_statements_covered": 100.0, "percent_statements_covered_display": "100"}, "missing_lines": [], "excluded_lines": [], "start_line": 99}, "JobStatus": {"executed_lines": [], "summary": {"covered_lines": 0, "num_statements": 0, "percent_covered": 100.0, "percent_covered_display": "100", "missing_lines": 0, "excluded_lines": 0, "percent_statements_covered": 100.0, "percent_statements_covered_display": "100"}, "missing_lines": [], "excluded_lines": [], "start_line": 119}, "Job": {"executed_lines": [], "summary": {"covered_lines": 0, "num_statements": 0, "percent_covered": 100.0, "percent_covered_display": "100", "missing_lines": 0, "excluded_lines": 0, "percent_statements_covered": 100.0, "percent_statements_covered_display": "100"}, "missing_lines": [], "excluded_lines": [], "start_line": 128}, "": {"executed_lines": [7, 8, 9, 10, 12, 18, 21, 22, 23, 24, 27, 30, 31, 34, 37, 38, 39, 40, 41, 44, 47, 48, 49, 50, 53, 56, 57, 58, 64, 67, 68, 69, 70, 71, 74, 77, 78, 79, 80, 81, 82, 83, 84, 85, 91, 94, 95, 96, 99, 102, 103, 104, 105, 106, 107, 108, 109, 110, 111, 112, 113, 119, 122, 123, 124, 125, 128, 131, 132, 133, 134, 135, 136, 137, 140], "summary": {"covered_lines": 75, "num_statements": 75, "percent_covered": 100.0, "percent_covered_display": "100", "missing_lines": 0, "excluded_lines": 0, "percent_statements_covered": 100.0, "percent_statements_covered_display": "100"}, "missing_lines": [], "excluded_lines": [], "start_line": 1}}}, "src/infrastructure/__init__.py": {"executed_lines": [], "summary": {"covered_lines": 0, "num_statements": 0, "percent_covered": 100.0, "percent_covered_display": "100", "missing_lines": 0, "excluded_lines": 0, "percent_statements_covered": 100.0, "percent_statements_covered_display": "100"}, "missing_lines": [], "excluded_lines": [], "functions": {"": {"executed_lines": [], "summary": {"covered_lines": 0, "num_statements": 0, "percent_covered": 100.0, "percent_covered_display": "100", "missing_lines": 0, "excluded_lines": 0, "percent_statements_covered": 100.0, "percent_statements_covered_display": "100"}, "missing_lines": [], "excluded_lines": [], "start_line": 1}}, "classes": {"": {"executed_lines": [], "summary": {"covered_lines": 0, "num_statements": 0, "percent_covered": 100.0, "percent_covered_display": "100", "missing_lines": 0, "excluded_lines": 0, "percent_statements_covered": 100.0, "percent_statements_covered_display": "100"}, "missing_lines": [], "excluded_lines": [], "start_line": 1}}}, "src/infrastructure/cache/__init__.py": {"executed_lines": [3, 4, 5, 6, 7, 9], "summary": {"covered_lines": 6, "num_statements": 6, "percent_covered": 100.0, "percent_covered_display": "100", "missing_lines": 0, "excluded_lines": 0, "percent_statements_covered": 100.0, "percent_statements_covered_display": "100"}, "missing_lines": [], "excluded_lines": [], "functions": {"": {"executed_lines": [3, 4, 5, 6, 7, 9], "summary": {"covered_lines": 6, "num_statements": 6, "percent_covered": 100.0, "percent_covered_display": "100", "missing_lines": 0, "excluded_lines": 0, "percent_statements_covered": 100.0, "percent_statements_covered_display": "100"}, "missing_lines": [], "excluded_lines": [], "start_line": 1}}, "classes": {"": {"executed_lines": [3, 4, 5, 6, 7, 9], "summary": {"covered_lines": 6, "num_statements": 6, "percent_covered": 100.0, "percent_covered_display": "100", "missing_lines": 0, "excluded_lines": 0, "percent_statements_covered": 100.0, "percent_statements_covered_display": "100"}, "missing_lines": [], "excluded_lines": [], "start_line": 1}}}, "src/infrastructure/cache/cache_factory.py": {"executed_lines": [7, 8, 10, 11, 12, 13, 15, 18, 24, 25, 36, 38, 39, 40, 41, 42, 43, 44, 46, 47, 59, 60, 62, 63, 69], "summary": {"covered_lines": 25, "num_statements": 25, "percent_covered": 100.0, "percent_covered_display": "100", "missing_lines": 0, "excluded_lines": 0, "percent_statements_covered": 100.0, "percent_statements_covered_display": "100"}, "missing_lines": [], "excluded_lines": [], "functions": {"CacheFactory.create_cache": {"executed_lines": [36, 38, 39, 40, 41, 42, 43, 44], "summary": {"covered_lines": 8, "num_statements": 8, "percent_covered": 100.0, "percent_covered_display": "100", "missing_lines": 0, "excluded_lines": 0, "percent_statements_covered": 100.0, "percent_statements_covered_display": "100"}, "missing_lines": [], "excluded_lines": [], "start_line": 25}, "CacheFactory.create_redis_cache": {"executed_lines": [59, 60], "summary": {"covered_lines": 2, "num_statements": 2, "percent_covered": 100.0, "percent_covered_display": "100", "missing_lines": 0, "excluded_lines": 0, "percent_statements_covered": 100.0, "percent_statements_covered_display": "100"}, "missing_lines": [], "excluded_lines": [], "start_line": 47}, "CacheFactory.create_in_memory_cache": {"executed_lines": [69], "summary": {"covered_lines": 1, "num_statements": 1, "percent_covered": 100.0, "percent_covered_display": "100", "missing_lines": 0, "excluded_lines": 0, "percent_statements_covered": 100.0, "percent_statements_covered_display": "100"}, "missing_lines": [], "excluded_lines": [], "start_line": 63}, "": {"executed_lines": [7, 8, 10, 11, 12, 13, 15, 18, 24, 25, 46, 47, 62, 63], "summary": {"covered_lines": 14, "num_statements": 14, "percent_covered": 100.0, "percent_covered_display": "100", "missing_lines": 0, "excluded_lines": 0, "percent_statements_covered": 100.0, "percent_statements_covered_display": "100"}, "missing_lines": [], "excluded_lines": [], "start_line": 1}}, "classes": {"CacheFactory": {"executed_lines": [36, 38, 39, 40, 41, 42, 43, 44, 59, 60, 69], "summary": {"covered_lines": 11, "num_statements": 11, "percent_covered": 100.0, "percent_covered_display": "100", "missing_lines": 0, "excluded_lines": 0, "percent_statements_covered": 100.0, "percent_statements_covered_display": "100"}, "missing_lines": [], "excluded_lines": [], "start_line": 18}, "": {"executed_lines": [7, 8, 10, 11, 12, 13, 15, 18, 24, 25, 46, 47, 62, 63], "summary": {"covered_lines": 14, "num_statements": 14, "percent_covered": 100.0, "percent_covered_display": "100", "missing_lines": 0, "excluded_lines": 0, "percent_statements_covered": 100.0, "percent_statements_covered_display": "100"}, "missing_lines": [], "excluded_lines": [], "start_line": 1}}}, "src/infrastructure/cache/cache_interface.py": {"executed_lines": [7, 8, 9, 12, 19, 20, 31, 32, 41, 42, 50, 51, 55, 56], "summary": {"covered_lines": 14, "num_statements": 19, "percent_covered": 73.6842105263158, "percent_covered_display": "74", "missing_lines": 5, "excluded_lines": 0, "percent_statements_covered": 73.6842105263158, "percent_statements_covered_display": "74"}, "missing_lines": [29, 39, 48, 53, 62], "excluded_lines": [], "functions": {"CacheInterface.get": {"executed_lines": [], "summary": {"covered_lines": 0, "num_statements": 1, "percent_covered": 0.0, "percent_covered_display": "0", "missing_lines": 1, "excluded_lines": 0, "percent_statements_covered": 0.0, "percent_statements_covered_display": "0"}, "missing_lines": [29], "excluded_lines": [], "start_line": 20}, "CacheInterface.set": {"executed_lines": [], "summary": {"covered_lines": 0, "num_statements": 1, "percent_covered": 0.0, "percent_covered_display": "0", "missing_lines": 1, "excluded_lines": 0, "percent_statements_covered": 0.0, "percent_statements_covered_display": "0"}, "missing_lines": [39], "excluded_lines": [], "start_line": 32}, "CacheInterface.invalidate": {"executed_lines": [], "summary": {"covered_lines": 0, "num_statements": 1, "percent_covered": 0.0, "percent_covered_display": "0", "missing_lines": 1, "excluded_lines": 0, "percent_statements_covered": 0.0, "percent_statements_covered_display": "0"}, "missing_lines": [48], "excluded_lines": [], "start_line": 42}, "CacheInterface.clear": {"executed_lines": [], "summary": {"covered_lines": 0, "num_statements": 1, "percent_covered": 0.0, "percent_covered_display": "0", "missing_lines": 1, "excluded_lines": 0, "percent_statements_covered": 0.0, "percent_statements_covered_display": "0"}, "missing_lines": [53], "excluded_lines": [], "start_line": 51}, "CacheInterface.health_check": {"executed_lines": [], "summary": {"covered_lines": 0, "num_statements": 1, "percent_covered": 0.0, "percent_covered_display": "0", "missing_lines": 1, "excluded_lines": 0, "percent_statements_covered": 0.0, "percent_statements_covered_display": "0"}, "missing_lines": [62], "excluded_lines": [], "start_line": 56}, "": {"executed_lines": [7, 8, 9, 12, 19, 20, 31, 32, 41, 42, 50, 51, 55, 56], "summary": {"covered_lines": 14, "num_statements": 14, "percent_covered": 100.0, "percent_covered_display": "100", "missing_lines": 0, "excluded_lines": 0, "percent_statements_covered": 100.0, "percent_statements_covered_display": "100"}, "missing_lines": [], "excluded_lines": [], "start_line": 1}}, "classes": {"CacheInterface": {"executed_lines": [], "summary": {"covered_lines": 0, "num_statements": 5, "percent_covered": 0.0, "percent_covered_display": "0", "missing_lines": 5, "excluded_lines": 0, "percent_statements_covered": 0.0, "percent_statements_covered_display": "0"}, "missing_lines": [29, 39, 48, 53, 62], "excluded_lines": [], "start_line": 12}, "": {"executed_lines": [7, 8, 9, 12, 19, 20, 31, 32, 41, 42, 50, 51, 55, 56], "summary": {"covered_lines": 14, "num_statements": 14, "percent_covered": 100.0, "percent_covered_display": "100", "missing_lines": 0, "excluded_lines": 0, "percent_statements_covered": 100.0, "percent_statements_covered_display": "100"}, "missing_lines": [], "excluded_lines": [], "start_line": 1}}}, "src/infrastructure/cache/detection_cache.py": {"executed_lines": [10, 11, 12, 14, 15, 16, 18, 21, 39, 49, 61, 70, 78, 82], "summary": {"covered_lines": 14, "num_statements": 23, "percent_covered": 60.869565217391305, "percent_covered_display": "61", "missing_lines": 9, "excluded_lines": 0, "percent_statements_covered": 60.869565217391305, "percent_statements_covered_display": "61"}, "missing_lines": [45, 46, 47, 58, 59, 68, 76, 80, 88], "excluded_lines": [], "functions": {"DetectionCache.__init__": {"executed_lines": [], "summary": {"covered_lines": 0, "num_statements": 3, "percent_covered": 0.0, "percent_covered_display": "0", "missing_lines": 3, "excluded_lines": 0, "percent_statements_covered": 0.0, "percent_statements_covered_display": "0"}, "missing_lines": [45, 46, 47], "excluded_lines": [], "start_line": 39}, "DetectionCache.get": {"executed_lines": [], "summary": {"covered_lines": 0, "num_statements": 2, "percent_covered": 0.0, "percent_covered_display": "0", "missing_lines": 2, "excluded_lines": 0, "percent_statements_covered": 0.0, "percent_statements_covered_display": "0"}, "missing_lines": [58, 59], "excluded_lines": [], "start_line": 49}, "DetectionCache.set": {"executed_lines": [], "summary": {"covered_lines": 0, "num_statements": 1, "percent_covered": 0.0, "percent_covered_display": "0", "missing_lines": 1, "excluded_lines": 0, "percent_statements_covered": 0.0, "percent_statements_covered_display": "0"}, "missing_lines": [68], "excluded_lines": [], "start_line": 61}, "DetectionCache.invalidate": {"executed_lines": [], "summary": {"covered_lines": 0, "num_statements": 1, "percent_covered": 0.0, "percent_covered_display": "0", "missing_lines": 1, "excluded_lines": 0, "percent_statements_covered": 0.0, "percent_statements_covered_display": "0"}, "missing_lines": [76], "excluded_lines": [], "start_line": 70}, "DetectionCache.clear": {"executed_lines": [], "summary": {"covered_lines": 0, "num_statements": 1, "percent_covered": 0.0, "percent_covered_display": "0", "missing_lines": 1, "excluded_lines": 0, "percent_statements_covered": 0.0, "percent_statements_covered_display": "0"}, "missing_lines": [80], "excluded_lines": [], "start_line": 78}, "DetectionCache.health_check": {"executed_lines": [], "summary": {"covered_lines": 0, "num_statements": 1, "percent_covered": 0.0, "percent_covered_display": "0", "missing_lines": 1, "excluded_lines": 0, "percent_statements_covered": 0.0, "percent_statements_covered_display": "0"}, "missing_lines": [88], "excluded_lines": [], "start_line": 82}, "": {"executed_lines": [10, 11, 12, 14, 15, 16, 18, 21, 39, 49, 61, 70, 78, 82], "summary": {"covered_lines": 14, "num_statements": 14, "percent_covered": 100.0, "percent_covered_display": "100", "missing_lines": 0, "excluded_lines": 0, "percent_statements_covered": 100.0, "percent_statements_covered_display": "100"}, "missing_lines": [], "excluded_lines": [], "start_line": 1}}, "classes": {"DetectionCache": {"executed_lines": [], "summary": {"covered_lines": 0, "num_statements": 9, "percent_covered": 0.0, "percent_covered_display": "0", "missing_lines": 9, "excluded_lines": 0, "percent_statements_covered": 0.0, "percent_statements_covered_display": "0"}, "missing_lines": [45, 46, 47, 58, 59, 68, 76, 80, 88], "excluded_lines": [], "start_line": 21}, "": {"executed_lines": [10, 11, 12, 14, 15, 16, 18, 21, 39, 49, 61, 70, 78, 82], "summary": {"covered_lines": 14, "num_statements": 14, "percent_covered": 100.0, "percent_covered_display": "100", "missing_lines": 0, "excluded_lines": 0, "percent_statements_covered": 100.0, "percent_statements_covered_display": "100"}, "missing_lines": [], "excluded_lines": [], "start_line": 1}}}, "src/infrastructure/cache/in_memory_cache.py": {"executed_lines": [3, 4, 5, 6, 7, 9, 11, 14, 21, 23, 25, 26, 28, 30, 31, 32, 33, 34, 36, 38, 40, 42, 43, 47, 48, 50, 52, 54, 56, 57, 59, 60, 61, 62, 63, 68, 70, 72, 73, 74, 75, 77, 78, 80, 82, 83, 85, 86, 87, 89, 91, 92, 94, 96], "summary": {"covered_lines": 54, "num_statements": 55, "percent_covered": 98.18181818181819, "percent_covered_display": "98", "missing_lines": 1, "excluded_lines": 0, "percent_statements_covered": 98.18181818181819, "percent_statements_covered_display": "98"}, "missing_lines": [66], "excluded_lines": [], "functions": {"InMemoryCache.__init__": {"executed_lines": [25, 26], "summary": {"covered_lines": 2, "num_statements": 2, "percent_covered": 100.0, "percent_covered_display": "100", "missing_lines": 0, "excluded_lines": 0, "percent_statements_covered": 100.0, "percent_statements_covered_display": "100"}, "missing_lines": [], "excluded_lines": [], "start_line": 23}, "InMemoryCache._compute_hash": {"executed_lines": [30, 31, 32, 33, 34], "summary": {"covered_lines": 5, "num_statements": 5, "percent_covered": 100.0, "percent_covered_display": "100", "missing_lines": 0, "excluded_lines": 0, "percent_statements_covered": 100.0, "percent_statements_covered_display": "100"}, "missing_lines": [], "excluded_lines": [], "start_line": 28}, "InMemoryCache._make_key": {"executed_lines": [38], "summary": {"covered_lines": 1, "num_statements": 1, "percent_covered": 100.0, "percent_covered_display": "100", "missing_lines": 0, "excluded_lines": 0, "percent_statements_covered": 100.0, "percent_statements_covered_display": "100"}, "missing_lines": [], "excluded_lines": [], "start_line": 36}, "InMemoryCache._cleanup_expired": {"executed_lines": [42, 43, 47, 48], "summary": {"covered_lines": 4, "num_statements": 4, "percent_covered": 100.0, "percent_covered_display": "100", "missing_lines": 0, "excluded_lines": 0, "percent_statements_covered": 100.0, "percent_statements_covered_display": "100"}, "missing_lines": [], "excluded_lines": [], "start_line": 40}, "InMemoryCache.get": {"executed_lines": [52, 54, 56, 57, 59, 60, 61, 62, 63, 68], "summary": {"covered_lines": 10, "num_statements": 11, "percent_covered": 90.9090909090909, "percent_covered_display": "91", "missing_lines": 1, "excluded_lines": 0, "percent_statements_covered": 90.9090909090909, "percent_statements_covered_display": "91"}, "missing_lines": [66], "excluded_lines": [], "start_line": 50}, "InMemoryCache.set": {"executed_lines": [72, 73, 74, 75, 77, 78], "summary": {"covered_lines": 6, "num_statements": 6, "percent_covered": 100.0, "percent_covered_display": "100", "missing_lines": 0, "excluded_lines": 0, "percent_statements_covered": 100.0, "percent_statements_covered_display": "100"}, "missing_lines": [], "excluded_lines": [], "start_line": 70}, "InMemoryCache.invalidate": {"executed_lines": [82, 83, 85, 86, 87], "summary": {"covered_lines": 5, "num_statements": 5, "percent_covered": 100.0, "percent_covered_display": "100", "missing_lines": 0, "excluded_lines": 0, "percent_statements_covered": 100.0, "percent_statements_covered_display": "100"}, "missing_lines": [], "excluded_lines": [], "start_line": 80}, "InMemoryCache.clear": {"executed_lines": [91, 92], "summary": {"covered_lines": 2, "num_statements": 2, "percent_covered": 100.0, "percent_covered_display": "100", "missing_lines": 0, "excluded_lines": 0, "percent_statements_covered": 100.0, "percent_statements_covered_display": "100"}, "missing_lines": [], "excluded_lines": [], "start_line": 89}, "InMemoryCache.health_check": {"executed_lines": [96], "summary": {"covered_lines": 1, "num_statements": 1, "percent_covered": 100.0, "percent_covered_display": "100", "missing_lines": 0, "excluded_lines": 0, "percent_statements_covered": 100.0, "percent_statements_covered_display": "100"}, "missing_lines": [], "excluded_lines": [], "start_line": 94}, "": {"executed_lines": [3, 4, 5, 6, 7, 9, 11, 14, 21, 23, 28, 36, 40, 50, 70, 80, 89, 94], "summary": {"covered_lines": 18, "num_statements": 18, "percent_covered": 100.0, "percent_covered_display": "100", "missing_lines": 0, "excluded_lines": 0, "percent_statements_covered": 100.0, "percent_statements_covered_display": "100"}, "missing_lines": [], "excluded_lines": [], "start_line": 1}}, "classes": {"InMemoryCache": {"executed_lines": [25, 26, 30, 31, 32, 33, 34, 38, 42, 43, 47, 48, 52, 54, 56, 57, 59, 60, 61, 62, 63, 68, 72, 73, 74, 75, 77, 78, 82, 83, 85, 86, 87, 91, 92, 96], "summary": {"covered_lines": 36, "num_statements": 37, "percent_covered": 97.29729729729729, "percent_covered_display": "97", "missing_lines": 1, "excluded_lines": 0, "percent_statements_covered": 97.29729729729729, "percent_statements_covered_display": "97"}, "missing_lines": [66], "excluded_lines": [], "start_line": 14}, "": {"executed_lines": [3, 4, 5, 6, 7, 9, 11, 14, 21, 23, 28, 36, 40, 50, 70, 80, 89, 94], "summary": {"covered_lines": 18, "num_statements": 18, "percent_covered": 100.0, "percent_covered_display": "100", "missing_lines": 0, "excluded_lines": 0, "percent_statements_covered": 100.0, "percent_statements_covered_display": "100"}, "missing_lines": [], "excluded_lines": [], "start_line": 1}}}, "src/infrastructure/cache/redis_cache.py": {"executed_lines": [3, 4, 5, 6, 8, 9, 11, 14, 17, 19, 25, 26, 27, 29, 31, 32, 34, 38, 43, 45, 46, 47, 48, 49, 51, 53, 55, 57, 59, 60, 62, 63, 64, 65, 66, 70, 72, 85, 96, 114], "summary": {"covered_lines": 40, "num_statements": 77, "percent_covered": 51.94805194805195, "percent_covered_display": "52", "missing_lines": 37, "excluded_lines": 0, "percent_statements_covered": 51.94805194805195, "percent_statements_covered_display": "52"}, "missing_lines": [39, 40, 41, 67, 68, 74, 75, 76, 78, 79, 80, 81, 82, 83, 87, 88, 90, 91, 92, 93, 94, 98, 99, 100, 101, 106, 107, 108, 109, 110, 111, 112, 116, 117, 118, 119, 120], "excluded_lines": [], "functions": {"RedisCache.__init__": {"executed_lines": [25, 26, 27], "summary": {"covered_lines": 3, "num_statements": 3, "percent_covered": 100.0, "percent_covered_display": "100", "missing_lines": 0, "excluded_lines": 0, "percent_statements_covered": 100.0, "percent_statements_covered_display": "100"}, "missing_lines": [], "excluded_lines": [], "start_line": 19}, "RedisCache._connect": {"executed_lines": [31, 32, 34, 38], "summary": {"covered_lines": 4, "num_statements": 7, "percent_covered": 57.142857142857146, "percent_covered_display": "57", "missing_lines": 3, "excluded_lines": 0, "percent_statements_covered": 57.142857142857146, "percent_statements_covered_display": "57"}, "missing_lines": [39, 40, 41], "excluded_lines": [], "start_line": 29}, "RedisCache._compute_hash": {"executed_lines": [45, 46, 47, 48, 49], "summary": {"covered_lines": 5, "num_statements": 5, "percent_covered": 100.0, "percent_covered_display": "100", "missing_lines": 0, "excluded_lines": 0, "percent_statements_covered": 100.0, "percent_statements_covered_display": "100"}, "missing_lines": [], "excluded_lines": [], "start_line": 43}, "RedisCache._make_key": {"executed_lines": [53], "summary": {"covered_lines": 1, "num_statements": 1, "percent_covered": 100.0, "percent_covered_display": "100", "missing_lines": 0, "excluded_lines": 0, "percent_statements_covered": 100.0, "percent_statements_covered_display": "100"}, "missing_lines": [], "excluded_lines": [], "start_line": 51}, "RedisCache.get": {"executed_lines": [57, 59, 60, 62, 63, 64, 65, 66, 70], "summary": {"covered_lines": 9, "num_statements": 11, "percent_covered": 81.81818181818181, "percent_covered_display": "82", "missing_lines": 2, "excluded_lines": 0, "percent_statements_covered": 81.81818181818181, "percent_statements_covered_display": "82"}, "missing_lines": [67, 68], "excluded_lines": [], "start_line": 55}, "RedisCache.set": {"executed_lines": [], "summary": {"covered_lines": 0, "num_statements": 9, "percent_covered": 0.0, "percent_covered_display": "0", "missing_lines": 9, "excluded_lines": 0, "percent_statements_covered": 0.0, "percent_statements_covered_display": "0"}, "missing_lines": [74, 75, 76, 78, 79, 80, 81, 82, 83], "excluded_lines": [], "start_line": 72}, "RedisCache.invalidate": {"executed_lines": [], "summary": {"covered_lines": 0, "num_statements": 7, "percent_covered": 0.0, "percent_covered_display": "0", "missing_lines": 7, "excluded_lines": 0, "percent_statements_covered": 0.0, "percent_statements_covered_display": "0"}, "missing_lines": [87, 88, 90, 91, 92, 93, 94], "excluded_lines": [], "start_line": 85}, "RedisCache.clear": {"executed_lines": [], "summary": {"covered_lines": 0, "num_statements": 11, "percent_covered": 0.0, "percent_covered_display": "0", "missing_lines": 11, "excluded_lines": 0, "percent_statements_covered": 0.0, "percent_statements_covered_display": "0"}, "missing_lines": [98, 99, 100, 101, 106, 107, 108, 109, 110, 111, 112], "excluded_lines": [], "start_line": 96}, "RedisCache.health_check": {"executed_lines": [],
[...]
d_lines": [140, 141, 143, 145, 146, 151, 158, 159, 163, 169, 170, 181, 182, 185, 186, 187, 188, 191, 192, 193, 194, 195, 196, 197, 198, 200, 205, 206, 207, 208, 209, 221, 222, 223, 224, 225, 226, 242, 269, 310, 311, 315, 316, 320, 324, 339, 340, 341, 343, 344, 346, 348, 349, 369, 370, 371, 373, 376, 377, 380, 381, 384, 385, 388, 427, 428, 429, 433, 434, 436, 437, 438, 439, 440, 442, 443, 444, 445, 447, 448, 449, 450, 452, 453, 457, 458, 459, 460, 461, 462, 463, 478, 479, 480, 481, 482, 484], "summary": {"covered_lines": 97, "num_statements": 109, "percent_covered": 88.9908256880734, "percent_covered_display": "89", "missing_lines": 12, "excluded_lines": 2, "percent_statements_covered": 88.9908256880734, "percent_statements_covered_display": "89"}, "missing_lines": [234, 389, 392, 393, 394, 395, 396, 398, 399, 454, 455, 483], "excluded_lines": [465, 466], "start_line": 130}, "": {"executed_lines": [15, 17, 18, 19, 20, 21, 23, 25, 26, 27, 28, 29, 31, 35, 44, 47, 55, 60, 61, 64, 65, 66, 69, 70, 73, 74, 75, 76, 77, 78, 81, 82, 85, 86, 87, 90, 91, 94, 95, 96, 97, 98, 99, 100, 101, 102, 103, 104, 105, 106, 107, 108, 109, 110, 111, 112, 113, 116, 117, 123, 124, 125, 130, 133, 150, 161, 174, 267, 308, 313, 318, 322, 328, 353, 401, 468, 488], "summary": {"covered_lines": 77, "num_statements": 77, "percent_covered": 100.0, "percent_covered_display": "100", "missing_lines": 0, "excluded_lines": 0, "percent_statements_covered": 100.0, "percent_statements_covered_display": "100"}, "missing_lines": [], "excluded_lines": [], "start_line": 1}}}, "src/services/stride_engine.py": {"executed_lines": [3, 4, 5, 6, 8, 13, 14, 17, 18, 20, 54, 57, 62, 66, 68, 69, 70, 72, 74, 75, 76, 77, 82, 91, 92, 98, 102, 103, 110, 111, 112, 120, 122, 123, 126, 132, 133, 138, 139, 140, 142, 144, 145, 146, 148, 149, 152, 153, 154, 156, 157, 176, 177, 184, 185, 186, 187, 188, 189, 191, 207, 208, 213, 228, 229, 230, 235, 236, 242, 243, 247, 249, 251, 252, 253, 265], "summary": {"covered_lines": 76, "num_statements": 81, "percent_covered": 93.82716049382717, "percent_covered_display": "94", "missing_lines": 5, "excluded_lines": 0, "percent_statements_covered": 93.82716049382717, "percent_statements_covered_display": "94"}, "missing_lines": [83, 96, 141, 150, 164], "excluded_lines": [], "functions": {"StrideEngine.__init__": {"executed_lines": [62], "summary": {"covered_lines": 1, "num_statements": 1, "percent_covered": 100.0, "percent_covered_display": "100", "missing_lines": 0, "excluded_lines": 0, "percent_statements_covered": 100.0, "percent_statements_covered_display": "100"}, "missing_lines": [], "excluded_lines": [], "start_line": 57}, "StrideEngine.analyze": {"executed_lines": [68, 69, 70, 72, 74, 75, 76, 77, 82, 91, 92, 98, 102, 103, 110, 111, 112, 120], "summary": {"covered_lines": 18, "num_statements": 20, "percent_covered": 90.0, "percent_covered_display": "90", "missing_lines": 2, "excluded_lines": 0, "percent_statements_covered": 90.0, "percent_statements_covered_display": "90"}, "missing_lines": [83, 96], "excluded_lines": [], "start_line": 66}, "StrideEngine._build_boundary_index": {"executed_lines": [126], "summary": {"covered_lines": 1, "num_statements": 1, "percent_covered": 100.0, "percent_covered_display": "100", "missing_lines": 0, "excluded_lines": 0, "percent_statements_covered": 100.0, "percent_statements_covered_display": "100"}, "missing_lines": [], "excluded_lines": [], "start_line": 123}, "StrideEngine._crosses_trust_boundary": {"executed_lines": [138, 139, 140, 142], "summary": {"covered_lines": 4, "num_statements": 5, "percent_covered": 80.0, "percent_covered_display": "80", "missing_lines": 1, "excluded_lines": 0, "percent_statements_covered": 80.0, "percent_statements_covered_display": "80"}, "missing_lines": [141], "excluded_lines": [], "start_line": 133}, "StrideEngine._flow_id": {"executed_lines": [146], "summary": {"covered_lines": 1, "num_statements": 1, "percent_covered": 100.0, "percent_covered_display": "100", "missing_lines": 0, "excluded_lines": 0, "percent_statements_covered": 100.0, "percent_statements_covered_display": "100"}, "missing_lines": [], "excluded_lines": [], "start_line": 145}, "StrideEngine._component_threat_id": {"executed_lines": [], "summary": {"covered_lines": 0, "num_statements": 1, "percent_covered": 0.0, "percent_covered_display": "0", "missing_lines": 1, "excluded_lines": 0, "percent_statements_covered": 0.0, "percent_statements_covered_display": "0"}, "missing_lines": [150], "excluded_lines": [], "start_line": 149}, "StrideEngine._data_flow_threat_id": {"executed_lines": [154], "summary": {"covered_lines": 1, "num_statements": 1, "percent_covered": 100.0, "percent_covered_display": "100", "missing_lines": 0, "excluded_lines": 0, "percent_statements_covered": 100.0, "percent_statements_covered_display": "100"}, "missing_lines": [], "excluded_lines": [], "start_line": 153}, "StrideEngine._build_component_threat": {"executed_lines": [], "summary": {"covered_lines": 0, "num_statements": 1, "percent_covered": 0.0, "percent_covered_display": "0", "missing_lines": 1, "excluded_lines": 0, "percent_statements_covered": 0.0, "percent_statements_covered_display": "0"}, "missing_lines": [164], "excluded_lines": [], "start_line": 157}, "StrideEngine._build_data_flow_threat": {"executed_lines": [184, 185, 186, 187, 188, 189, 191], "summary": {"covered_lines": 7, "num_statements": 7, "percent_covered": 100.0, "percent_covered_display": "100", "missing_lines": 0, "excluded_lines": 0, "percent_statements_covered": 100.0, "percent_statements_covered_display": "100"}, "missing_lines": [], "excluded_lines": [], "start_line": 177}, "StrideEngine._log_unknown_component_type": {"executed_lines": [213], "summary": {"covered_lines": 1, "num_statements": 1, "percent_covered": 100.0, "percent_covered_display": "100", "missing_lines": 0, "excluded_lines": 0, "percent_statements_covered": 100.0, "percent_statements_covered_display": "100"}, "missing_lines": [], "excluded_lines": [], "start_line": 208}, "StrideEngine._deduplicate": {"executed_lines": [230, 235, 236, 242, 243, 247, 249], "summary": {"covered_lines": 7, "num_statements": 7, "percent_covered": 100.0, "percent_covered_display": "100", "missing_lines": 0, "excluded_lines": 0, "percent_statements_covered": 100.0, "percent_statements_covered_display": "100"}, "missing_lines": [], "excluded_lines": [], "start_line": 229}, "StrideEngine._sort_threats": {"executed_lines": [253], "summary": {"covered_lines": 1, "num_statements": 1, "percent_covered": 100.0, "percent_covered_display": "100", "missing_lines": 0, "excluded_lines": 0, "percent_statements_covered": 100.0, "percent_statements_covered_display": "100"}, "missing_lines": [], "excluded_lines": [], "start_line": 252}, "": {"executed_lines": [3, 4, 5, 6, 8, 13, 14, 17, 18, 20, 54, 57, 66, 122, 123, 132, 133, 144, 145, 148, 149, 152, 153, 156, 157, 176, 177, 207, 208, 228, 229, 251, 252, 265], "summary": {"covered_lines": 34, "num_statements": 34, "percent_covered": 100.0, "percent_covered_display": "100", "missing_lines": 0, "excluded_lines": 0, "percent_statements_covered": 100.0, "percent_statements_covered_display": "100"}, "missing_lines": [], "excluded_lines": [], "start_line": 1}}, "classes": {"StrideEngine": {"executed_lines": [62, 68, 69, 70, 72, 74, 75, 76, 77, 82, 91, 92, 98, 102, 103, 110, 111, 112, 120, 126, 138, 139, 140, 142, 146, 154, 184, 185, 186, 187, 188, 189, 191, 213, 230, 235, 236, 242, 243, 247, 249, 253], "summary": {"covered_lines": 42, "num_statements": 47, "percent_covered": 89.36170212765957, "percent_covered_display": "89", "missing_lines": 5, "excluded_lines": 0, "percent_statements_covered": 89.36170212765957, "percent_statements_covered_display": "89"}, "missing_lines": [83, 96, 141, 150, 164], "excluded_lines": [], "start_line": 54}, "": {"executed_lines": [3, 4, 5, 6, 8, 13, 14, 17, 18, 20, 54, 57, 66, 122, 123, 132, 133, 144, 145, 148, 149, 152, 153, 156, 157, 176, 177, 207, 208, 228, 229, 251, 252, 265], "summary": {"covered_lines": 34, "num_statements": 34, "percent_covered": 100.0, "percent_covered_display": "100", "missing_lines": 0, "excluded_lines": 0, "percent_statements_covered": 100.0, "percent_statements_covered_display": "100"}, "missing_lines": [], "excluded_lines": [], "start_line": 1}}}, "src/services/vulnerability_service.py": {"executed_lines": [3, 4, 5, 6, 7, 9, 14, 15, 16, 18, 19, 22, 25, 30, 33, 37, 42, 43, 44, 45, 48, 55, 59, 69, 77, 80, 90, 108, 123, 124, 137, 138, 155, 156, 175, 178, 194, 226, 239, 258, 259, 262, 281, 282, 290], "summary": {"covered_lines": 45, "num_statements": 129, "percent_covered": 34.883720930232556, "percent_covered_display": "35", "missing_lines": 84, "excluded_lines": 0, "percent_statements_covered": 34.883720930232556, "percent_statements_covered_display": "35"}, "missing_lines": [27, 35, 39, 56, 57, 61, 62, 63, 64, 65, 66, 67, 71, 87, 88, 92, 93, 95, 96, 97, 98, 99, 100, 101, 103, 104, 105, 106, 110, 111, 113, 114, 119, 120, 121, 125, 126, 128, 134, 135, 139, 157, 158, 159, 161, 187, 190, 191, 192, 196, 197, 199, 200, 201, 202, 206, 207, 209, 224, 230, 231, 232, 233, 235, 236, 237, 245, 246, 248, 249, 260, 267, 268, 269, 271, 272, 276, 277, 279, 283, 284, 285, 286, 287], "excluded_lines": [], "functions": {"CveLookup.search": {"executed_lines": [], "summary": {"covered_lines": 0, "num_statements": 1, "percent_covered": 0.0, "percent_covered_display": "0", "missing_lines": 1, "excluded_lines": 0, "percent_statements_covered": 0.0, "percent_statements_covered_display": "0"}, "missing_lines": [27], "excluded_lines": [], "start_line": 25}, "VulnerabilityCache.get": {"executed_lines": [], "summary": {"covered_lines": 0, "num_statements": 1, "percent_covered": 0.0, "percent_covered_display": "0", "missing_lines": 1, "excluded_lines": 0, "percent_statements_covered": 0.0, "percent_statements_covered_display": "0"}, "missing_lines": [35], "excluded_lines": [], "start_line": 33}, "VulnerabilityCache.set": {"executed_lines": [], "summary": {"covered_lines": 0, "num_statements": 1, "percent_covered": 0.0, "percent_covered_display": "0", "missing_lines": 1, "excluded_lines": 0, "percent_statements_covered": 0.0, "percent_statements_covered_display": "0"}, "missing_lines": [39], "excluded_lines": [], "start_line": 37}, "InMemoryVulnerabilityCache.__init__": {"executed_lines": [], "summary": {"covered_lines": 0, "num_statements": 2, "percent_covered": 0.0, "percent_covered_display": "0", "missing_lines": 2, "excluded_lines": 0, "percent_statements_covered": 0.0, "percent_statements_covered_display": "0"}, "missing_lines": [56, 57], "excluded_lines": [], "start_line": 55}, "InMemoryVulnerabilityCache.get": {"executed_lines": [], "summary": {"covered_lines": 0, "num_statements": 7, "percent_covered": 0.0, "percent_covered_display": "0", "missing_lines": 7, "excluded_lines": 0, "percent_statements_covered": 0.0, "percent_statements_covered_display": "0"}, "missing_lines": [61, 62, 63, 64, 65, 66, 67], "excluded_lines": [], "start_line": 59}, "InMemoryVulnerabilityCache.set": {"executed_lines": [], "summary": {"covered_lines": 0, "num_statements": 1, "percent_covered": 0.0, "percent_covered_display": "0", "missing_lines": 1, "excluded_lines": 0, "percent_statements_covered": 0.0, "percent_statements_covered_display": "0"}, "missing_lines": [71], "excluded_lines": [], "start_line": 69}, "RedisVulnerabilityCache.__init__": {"executed_lines": [], "summary": {"covered_lines": 0, "num_statements": 2, "percent_covered": 0.0, "percent_covered_display": "0", "missing_lines": 2, "excluded_lines": 0, "percent_statements_covered": 0.0, "percent_statements_covered_display": "0"}, "missing_lines": [87, 88], "excluded_lines": [], "start_line": 80}, "RedisVulnerabilityCache.get": {"executed_lines": [], "summary": {"covered_lines": 0, "num_statements": 13, "percent_covered": 0.0, "percent_covered_display": "0", "missing_lines": 13, "excluded_lines": 0, "percent_statements_covered": 0.0, "percent_statements_covered_display": "0"}, "missing_lines": [92, 93, 95, 96, 97, 98, 99, 100, 101, 103, 104, 105, 106], "excluded_lines": [], "start_line": 90}, "RedisVulnerabilityCache.set": {"executed_lines": [], "summary": {"covered_lines": 0, "num_statements": 7, "percent_covered": 0.0, "percent_covered_display": "0", "missing_lines": 7, "excluded_lines": 0, "percent_statements_covered": 0.0, "percent_statements_covered_display": "0"}, "missing_lines": [110, 111, 113, 114, 119, 120, 121], "excluded_lines": [], "start_line": 108}, "RedisVulnerabilityCache._connect": {"executed_lines": [], "summary": {"covered_lines": 0, "num_statements": 5, "percent_covered": 0.0, "percent_covered_display": "0", "missing_lines": 5, "excluded_lines": 0, "percent_statements_covered": 0.0, "percent_statements_covered_display": "0"}, "missing_lines": [125, 126, 128, 134, 135], "excluded_lines": [], "start_line": 124}, "RedisVulnerabilityCache._mapping_to_json": {"executed_lines": [], "summary": {"covered_lines": 0, "num_statements": 1, "percent_covered": 0.0, "percent_covered_display": "0", "missing_lines": 1, "excluded_lines": 0, "percent_statements_covered": 0.0, "percent_statements_covered_display": "0"}, "missing_lines": [139], "excluded_lines": [], "start_line": 138}, "RedisVulnerabilityCache._mapping_from_json": {"executed_lines": [], "summary": {"covered_lines": 0, "num_statements": 4, "percent_covered": 0.0, "percent_covered_display": "0", "missing_lines": 4, "excluded_lines": 0, "percent_statements_covered": 0.0, "percent_statements_covered_display": "0"}, "missing_lines": [157, 158, 159, 161], "excluded_lines": [], "start_line": 156}, "VulnerabilityService.__init__": {"executed_lines": [], "summary": {"covered_lines": 0, "num_statements": 4, "percent_covered": 0.0, "percent_covered_display": "0", "missing_lines": 4, "excluded_lines": 0, "percent_statements_covered": 0.0, "percent_statements_covered_display": "0"}, "missing_lines": [187, 190, 191, 192], "excluded_lines": [], "start_line": 178}, "VulnerabilityService.enrich": {"executed_lines": [], "summary": {"covered_lines": 0, "num_statements": 10, "percent_covered": 0.0, "percent_covered_display": "0", "missing_lines": 10, "excluded_lines": 0, "percent_statements_covered": 0.0, "percent_statements_covered_display": "0"}, "missing_lines": [196, 197, 199, 200, 201, 202, 206, 207, 209, 224], "excluded_lines": [], "start_line": 194}, "VulnerabilityService._find_mapping": {"executed_lines": [], "summary": {"covered_lines": 0, "num_statements": 7, "percent_covered": 0.0, "percent_covered_display": "0", "missing_lines": 7, "excluded_lines": 0, "percent_statements_covered": 0.0, "percent_statements_covered_display": "0"}, "missing_lines": [230, 231, 232, 233, 235, 236, 237], "excluded_lines": [], "start_line": 226}, "VulnerabilityService._cache_cve_lookup": {"executed_lines": [], "summary": {"covered_lines": 0, "num_statements": 4, "percent_covered": 0.0, "percent_covered_display": "0", "missing_lines": 4, "excluded_lines": 0, "percent_statements_covered": 0.0, "percent_statements_covered_display": "0"}, "missing_lines": [245, 246, 248, 249], "excluded_lines": [], "start_line": 239}, "VulnerabilityService._cache_key": {"executed_lines": [], "summary": {"covered_lines": 0, "num_statements": 1, "percent_covered": 0.0, "percent_covered_display": "0", "missing_lines": 1, "excluded_lines": 0, "percent_statements_covered": 0.0, "percent_statements_covered_display": "0"}, "missing_lines": [260], "excluded_lines": [], "start_line": 259}, "VulnerabilityService._lookup_cves": {"executed_lines": [], "summary": {"covered_lines": 0, "num_statements": 8, "percent_covered": 0.0, "percent_covered_display": "0", "missing_lines": 8, "excluded_lines": 0, "percent_statements_covered": 0.0, "percent_statements_covered_display": "0"}, "missing_lines": [267, 268, 269, 271, 272, 276, 277, 279], "excluded_lines": [], "start_line": 262}, "VulnerabilityService._keyword_for": {"executed_lines": [], "summary": {"covered_lines": 0, "num_statements": 5, "percent_covered": 0.0, "percent_covered_display": "0", "missing_lines": 5, "excluded_lines": 0, "percent_statements_covered": 0.0, "percent_statements_covered_display": "0"}, "missing_lines": [283, 284, 285, 286, 287], "excluded_lines": [], "start_line": 282}, "": {"executed_lines": [3, 4, 5, 6, 7, 9, 14, 15, 16, 18, 19, 22, 25, 30, 33, 37, 42, 43, 44, 45, 48, 55, 59, 69, 77, 80, 90, 108, 123, 124, 137, 138, 155, 156, 175, 178, 194, 226, 239, 258, 259, 262, 281, 282, 290], "summary": {"covered_lines": 45, "num_statements": 45, "percent_covered": 100.0, "percent_covered_display": "100", "missing_lines": 0, "excluded_lines": 0, "percent_statements_covered": 100.0, "percent_statements_covered_display": "100"}, "missing_lines": [], "excluded_lines": [], "start_line": 1}}, "classes": {"CveLookup": {"executed_lines": [], "summary": {"covered_lines": 0, "num_statements": 1, "percent_covered": 0.0, "percent_covered_display": "0", "missing_lines": 1, "excluded_lines": 0, "percent_statements_covered": 0.0, "percent_statements_covered_display": "0"}, "missing_lines": [27], "excluded_lines": [], "start_line": 22}, "VulnerabilityCache": {"executed_lines": [], "summary": {"covered_lines": 0, "num_statements": 2, "percent_covered": 0.0, "percent_covered_display": "0", "missing_lines": 2, "excluded_lines": 0, "percent_statements_covered": 0.0, "percent_statements_covered_display": "0"}, "missing_lines": [35, 39], "excluded_lines": [], "start_line": 30}, "_CacheEntry": {"executed_lines": [], "summary": {"covered_lines": 0, "num_statements": 0, "percent_covered": 100.0, "percent_covered_display": "100", "missing_lines": 0, "excluded_lines": 0, "percent_statements_covered": 100.0, "percent_statements_covered_display": "100"}, "missing_lines": [], "excluded_lines": [], "start_line": 43}, "InMemoryVulnerabilityCache": {"executed_lines": [], "summary": {"covered_lines": 0, "num_statements": 10, "percent_covered": 0.0, "percent_covered_display": "0", "missing_lines": 10, "excluded_lines": 0, "percent_statements_covered": 0.0, "percent_statements_covered_display": "0"}, "missing_lines": [56, 57, 61, 62, 63, 64, 65, 66, 67, 71], "excluded_lines": [], "start_line": 48}, "RedisVulnerabilityCache": {"executed_lines": [], "summary": {"covered_lines": 0, "num_statements": 32, "percent_covered": 0.0, "percent_covered_display": "0", "missing_lines": 32, "excluded_lines": 0, "percent_statements_covered": 0.0, "percent_statements_covered_display": "0"}, "missing_lines": [87, 88, 92, 93, 95, 96, 97, 98, 99, 100, 101, 103, 104, 105, 106, 110, 111, 113, 114, 119, 120, 121, 125, 126, 128, 134, 135, 139, 157, 158, 159, 161], "excluded_lines": [], "start_line": 77}, "VulnerabilityService": {"executed_lines": [], "summary": {"covered_lines": 0, "num_statements": 39, "percent_covered": 0.0, "percent_covered_display": "0", "missing_lines": 39, "excluded_lines": 0, "percent_statements_covered": 0.0, "percent_statements_covered_display": "0"}, "missing_lines": [187, 190, 191, 192, 196, 197, 199, 200, 201, 202, 206, 207, 209, 224, 230, 231, 232, 233, 235, 236, 237, 245, 246, 248, 249, 260, 267, 268, 269, 271, 272, 276, 277, 279, 283, 284, 285, 286, 287], "excluded_lines": [], "start_line": 175}, "": {"executed_lines": [3, 4, 5, 6, 7, 9, 14, 15, 16, 18, 19, 22, 25, 30, 33, 37, 42, 43, 44, 45, 48, 55, 59, 69, 77, 80, 90, 108, 123, 124, 137, 138, 155, 156, 175, 178, 194, 226, 239, 258, 259, 262, 281, 282, 290], "summary": {"covered_lines": 45, "num_statements": 45, "percent_covered": 100.0, "percent_covered_display": "100", "missing_lines": 0, "excluded_lines": 0, "percent_statements_covered": 100.0, "percent_statements_covered_display": "100"}, "missing_lines": [], "excluded_lines": [], "start_line": 1}}}}, "totals": {"covered_lines": 1573, "num_statements": 2252, "percent_covered": 69.84902309058614, "percent_covered_display": "70", "missing_lines": 679, "excluded_lines": 6, "percent_statements_covered": 69.84902309058614, "percent_statements_covered_display": "70"}}